#
# There is insufficient memory for the Java Runtime Environment to continue.
# Native memory allocation (malloc) failed to allocate 32744 bytes for ChunkPool::allocate
# Possible reasons:
#   The system is out of physical RAM or swap space
#   In 32 bit mode, the process size limit was hit
# Possible solutions:
#   Reduce memory load on the system
#   Increase physical memory or swap space
#   Check if swap backing store is full
#   Use 64 bit Java on a 64 bit OS
#   Decrease Java heap size (-Xmx/-Xms)
#   Decrease number of Java threads
#   Decrease Java thread stack sizes (-Xss)
#   Set larger code cache with -XX:ReservedCodeCacheSize=
# This output file may be truncated or incomplete.
#
#  Out of Memory Error (allocation.cpp:273), pid=8208, tid=0x0000000000002a24
#
# JRE version: OpenJDK Runtime Environment (8.0_152-b02) (build 1.8.0_152-release-1024-b02)
# Java VM: OpenJDK 64-Bit Server VM (25.152-b02 mixed mode windows-amd64 compressed oops)
# Failed to write core dump. Minidumps are not enabled by default on client versions of Windows
#

---------------  T H R E A D  ---------------

Current thread (0x000000001bfe9000):  JavaThread "C2 CompilerThread1" daemon [_thread_in_native, id=10788, stack(0x000000001d730000,0x000000001d830000)]

Stack: [0x000000001d730000,0x000000001d830000]
[error occurred during error reporting (printing stack bounds), id 0xc0000005]

Native frames: (J=compiled Java code, j=interpreted, Vv=VM code, C=native code)


Current CompileTask:
C2:   7867 1064   !   4       com.android.dx.cf.code.BytecodeArray::parseInstruction (2796 bytes)


---------------  P R O C E S S  ---------------

Java Threads: ( => current thread )
  0x000000001dc46000 JavaThread "pool-2-thread-4" [_thread_blocked, id=17600, stack(0x000000001e330000,0x000000001e430000)]
  0x000000001dc2d000 JavaThread "pool-2-thread-3" [_thread_blocked, id=15276, stack(0x000000001e230000,0x000000001e330000)]
  0x000000001db21800 JavaThread "pool-2-thread-2" [_thread_blocked, id=4392, stack(0x000000001e130000,0x000000001e230000)]
  0x000000001da9f000 JavaThread "pool-3-thread-1" [_thread_blocked, id=5992, stack(0x000000001e030000,0x000000001e130000)]
  0x000000001da9e000 JavaThread "pool-2-thread-1" [_thread_blocked, id=14076, stack(0x000000001df30000,0x000000001e030000)]
  0x000000001d931800 JavaThread "Service Thread" daemon [_thread_blocked, id=1916, stack(0x000000001dd30000,0x000000001de30000)]
  0x000000001c04c000 JavaThread "C1 CompilerThread2" daemon [_thread_blocked, id=9188, stack(0x000000001d830000,0x000000001d930000)]
=>0x000000001bfe9000 JavaThread "C2 CompilerThread1" daemon [_thread_in_native, id=10788, stack(0x000000001d730000,0x000000001d830000)]
  0x000000001bff9000 JavaThread "C2 CompilerThread0" daemon [_thread_blocked, id=15096, stack(0x000000001d630000,0x000000001d730000)]
  0x000000001bff7000 JavaThread "Attach Listener" daemon [_thread_blocked, id=11248, stack(0x000000001d530000,0x000000001d630000)]
  0x000000001bff5800 JavaThread "Signal Dispatcher" daemon [_thread_blocked, id=13320, stack(0x000000001d430000,0x000000001d530000)]
  0x0000000002917800 JavaThread "Finalizer" daemon [_thread_blocked, id=1944, stack(0x000000001d240000,0x000000001d340000)]
  0x0000000002912800 JavaThread "Reference Handler" daemon [_thread_blocked, id=15848, stack(0x000000001d140000,0x000000001d240000)]
  0x0000000002822800 JavaThread "main" [_thread_in_native, id=16648, stack(0x0000000002670000,0x0000000002770000)]

Other Threads:
  0x000000001bfb5800 VMThread [stack: 0x000000001d040000,0x000000001d140000] [id=13524]
  0x000000001d932000 WatcherThread [stack: 0x000000001de30000,0x000000001df30000] [id=16896]

VM state:not at safepoint (normal execution)

VM Mutex/Monitor currently owned by a thread: None

Heap:
 PSYoungGen      total 37888K, used 21648K [0x000000076ab00000, 0x000000076d500000, 0x00000007c0000000)
  eden space 32768K, 66% used [0x000000076ab00000,0x000000076c0243f0,0x000000076cb00000)
  from space 5120K, 0% used [0x000000076d000000,0x000000076d000000,0x000000076d500000)
  to   space 5120K, 0% used [0x000000076cb00000,0x000000076cb00000,0x000000076d000000)
 ParOldGen       total 86016K, used 0K [0x00000006c0000000, 0x00000006c5400000, 0x000000076ab00000)
  object space 86016K, 0% used [0x00000006c0000000,0x00000006c0000000,0x00000006c5400000)
 Metaspace       used 5825K, capacity 6896K, committed 7040K, reserved 1056768K
  class space    used 570K, capacity 616K, committed 640K, reserved 1048576K

Card table byte_map: [0x0000000011ce0000,0x00000000124f0000] byte_map_base: 0x000000000e6e0000

Marking Bits: (ParMarkBitMap*) 0x000000005e454970
 Begin Bits: [0x0000000012e50000, 0x0000000016e50000)
 End Bits:   [0x0000000016e50000, 0x000000001ae50000)

Polling page: 0x0000000000940000

CodeCache: size=245760Kb used=4419Kb max_used=4419Kb free=241340Kb
 bounds [0x0000000002920000, 0x0000000002d80000, 0x0000000011920000]
 total_blobs=1330 nmethods=1068 adapters=176
 compilation: enabled

Compilation events (10 events):
Event: 7.833 Thread 0x000000001c04c000 1065       3       com.android.dx.cf.code.Simulator::requiredArrayTypeFor (74 bytes)
Event: 7.834 Thread 0x000000001c04c000 nmethod 1065 0x0000000002d661d0 code [0x0000000002d663c0, 0x0000000002d66ed8]
Event: 7.834 Thread 0x000000001c04c000 1066       3       com.android.dx.rop.code.DexTranslationAdvice::hasConstantOperation (163 bytes)
Event: 7.836 Thread 0x000000001c04c000 nmethod 1066 0x0000000002d70290 code [0x0000000002d704e0, 0x0000000002d71d78]
Event: 7.836 Thread 0x000000001c04c000 1067       1       com.android.dx.rop.cst.CstKnownNull::getType (4 bytes)
Event: 7.836 Thread 0x000000001c04c000 nmethod 1067 0x0000000002d65f10 code [0x0000000002d66060, 0x0000000002d66170]
Event: 7.836 Thread 0x000000001c04c000 1068       1       com.android.dx.dex.code.RopTranslator::access$200 (5 bytes)
Event: 7.836 Thread 0x000000001c04c000 nmethod 1068 0x0000000002d65c50 code [0x0000000002d65da0, 0x0000000002d65e90]
Event: 7.838 Thread 0x000000001c04c000 1069  s    3       com.android.dx.dex.file.MethodIdsSection::intern (55 bytes)
Event: 7.839 Thread 0x000000001c04c000 nmethod 1069 0x0000000002d72290 code [0x0000000002d724c0, 0x0000000002d73208]

GC Heap History (0 events):
No events

Deoptimization events (2 events):
Event: 4.534 Thread 0x000000001da9e000 Uncommon trap: reason=unstable_if action=reinterpret pc=0x0000000002b44108 method=java.util.HashMap.getNode(ILjava/lang/Object;)Ljava/util/HashMap$Node; @ 129
Event: 6.851 Thread 0x000000001dc46000 Uncommon trap: reason=unstable_if action=reinterpret pc=0x0000000002cd6f50 method=com.android.dx.rop.code.RegisterSpec.withReg(I)Lcom/android/dx/rop/code/RegisterSpec; @ 5

Classes redefined (0 events):
No events

Internal exceptions (2 events):
Event: 0.610 Thread 0x0000000002822800 Exception <a 'java/lang/NoSuchMethodError': Method sun.misc.Unsafe.defineClass(Ljava/lang/String;[BII)Ljava/lang/Class; name or signature does not match> (0x000000076ab07ca8) thrown at [D:\src\AOSP-openjdk-cygwin\jdk8u\hotspot\src\share\vm\prims\jni.cpp, 
Event: 0.610 Thread 0x0000000002822800 Exception <a 'java/lang/NoSuchMethodError': Method sun.misc.Unsafe.prefetchRead(Ljava/lang/Object;J)V name or signature does not match> (0x000000076ab07f90) thrown at [D:\src\AOSP-openjdk-cygwin\jdk8u\hotspot\src\share\vm\prims\jni.cpp, line 4011]

Events (10 events):
Event: 4.534 Thread 0x000000001da9e000 Uncommon trap: trap_request=0xffffff65 fr.pc=0x0000000002b44108
Event: 4.534 Thread 0x000000001da9e000 DEOPT PACKING pc=0x0000000002b44108 sp=0x000000001e02e460
Event: 4.534 Thread 0x000000001da9e000 DEOPT UNPACKING pc=0x000000000296557b sp=0x000000001e02e3d8 mode 2
Event: 5.147 Executing VM operation: EnableBiasedLocking
Event: 5.226 Executing VM operation: EnableBiasedLocking done
Event: 6.846 loading class com/android/dx/cf/code/BytecodeArray$ConstantParserVisitor
Event: 6.846 loading class com/android/dx/cf/code/BytecodeArray$ConstantParserVisitor done
Event: 6.851 Thread 0x000000001dc46000 Uncommon trap: trap_request=0xffffff65 fr.pc=0x0000000002cd6f50
Event: 6.851 Thread 0x000000001dc46000 DEOPT PACKING pc=0x0000000002cd6f50 sp=0x000000001e42e6c0
Event: 6.851 Thread 0x000000001dc46000 DEOPT UNPACKING pc=0x000000000296557b sp=0x000000001e42e5f0 mode 2


Dynamic libraries:
0x00007ff6a5d80000 - 0x00007ff6a5db1000 	C:\Program Files\Android\Android Studio\jre\bin\java.exe
0x00007fff0a9e0000 - 0x00007fff0abbb000 	C:\WINDOWS\SYSTEM32\ntdll.dll
0x00007fff0a400000 - 0x00007fff0a4ae000 	C:\WINDOWS\System32\KERNEL32.DLL
0x00007fff075a0000 - 0x00007fff077e9000 	C:\WINDOWS\System32\KERNELBASE.dll
0x00007fff09de0000 - 0x00007fff09e81000 	C:\WINDOWS\System32\ADVAPI32.dll
0x00007fff09f70000 - 0x00007fff0a00d000 	C:\WINDOWS\System32\msvcrt.dll
0x00007fff09ea0000 - 0x00007fff09ef9000 	C:\WINDOWS\System32\sechost.dll
0x00007fff0a8b0000 - 0x00007fff0a9d5000 	C:\WINDOWS\System32\RPCRT4.dll
0x00007fff08410000 - 0x00007fff0855a000 	C:\WINDOWS\System32\USER32.dll
0x00007fff06fb0000 - 0x00007fff06fce000 	C:\WINDOWS\System32\win32u.dll
0x00007fff0a0b0000 - 0x00007fff0a0d7000 	C:\WINDOWS\System32\GDI32.dll
0x00007fff07210000 - 0x00007fff07398000 	C:\WINDOWS\System32\gdi32full.dll
0x00007fff073a0000 - 0x00007fff0743a000 	C:\WINDOWS\System32\msvcp_win.dll
0x00007fff07440000 - 0x00007fff07536000 	C:\WINDOWS\System32\ucrtbase.dll
0x00007ffefa090000 - 0x00007ffefa2f7000 	C:\WINDOWS\WinSxS\amd64_microsoft.windows.common-controls_6595b64144ccf1df_6.0.15063.483_none_26002d27e7c744a2\COMCTL32.dll
0x00007fff0a0e0000 - 0x00007fff0a3d9000 	C:\WINDOWS\System32\combase.dll
0x00007fff071a0000 - 0x00007fff0720a000 	C:\WINDOWS\System32\bcryptPrimitives.dll
0x00007fff09ac0000 - 0x00007fff09aed000 	C:\WINDOWS\System32\IMM32.DLL
0x000000005d060000 - 0x000000005d132000 	C:\Program Files\Android\Android Studio\jre\jre\bin\msvcr100.dll
0x000000005dc90000 - 0x000000005e4cf000 	C:\Program Files\Android\Android Studio\jre\jre\bin\server\jvm.dll
0x00007fff09ab0000 - 0x00007fff09ab8000 	C:\WINDOWS\System32\PSAPI.DLL
0x00007ffee9a20000 - 0x00007ffee9a29000 	C:\WINDOWS\SYSTEM32\WSOCK32.dll
0x00007fff09f00000 - 0x00007fff09f6c000 	C:\WINDOWS\System32\WS2_32.dll
0x00007fff05390000 - 0x00007fff053b3000 	C:\WINDOWS\SYSTEM32\WINMM.dll
0x00007ffef9cc0000 - 0x00007ffef9cca000 	C:\WINDOWS\SYSTEM32\VERSION.dll
0x00007fff05360000 - 0x00007fff0538b000 	C:\WINDOWS\SYSTEM32\WINMMBASE.dll
0x00007fff07ef0000 - 0x00007fff07f39000 	C:\WINDOWS\System32\cfgmgr32.dll
0x00007ffef3880000 - 0x00007ffef388f000 	C:\Program Files\Android\Android Studio\jre\jre\bin\verify.dll
0x00007ffeece00000 - 0x00007ffeece29000 	C:\Program Files\Android\Android Studio\jre\jre\bin\java.dll
0x00007ffee9ce0000 - 0x00007ffee9cf6000 	C:\Program Files\Android\Android Studio\jre\jre\bin\zip.dll
0x00007fff08670000 - 0x00007fff09aa7000 	C:\WINDOWS\System32\SHELL32.dll
0x00007fff0a7a0000 - 0x00007fff0a84a000 	C:\WINDOWS\System32\shcore.dll
0x00007fff077f0000 - 0x00007fff07ee2000 	C:\WINDOWS\System32\windows.storage.dll
0x00007fff0a740000 - 0x00007fff0a791000 	C:\WINDOWS\System32\shlwapi.dll
0x00007fff06e70000 - 0x00007fff06e81000 	C:\WINDOWS\System32\kernel.appcore.dll
0x00007fff06eb0000 - 0x00007fff06efc000 	C:\WINDOWS\System32\powrprof.dll
0x00007fff06e50000 - 0x00007fff06e65000 	C:\WINDOWS\System32\profapi.dll

VM Arguments:
jvm_args: -Djava.awt.headless=true -Xmx4g -Dfile.encoding=UTF-8 -Duser.country=US -Duser.language=en -Duser.variant 
java_command: com.android.dx.command.Main --dex --force-jumbo --num-threads=4 --multi-dex --output C:\Users\Rishabh\yantraandroid\yantraAndroid\app\build\intermediates\transforms\dex\debug\folders\1000\5\slice_8 C:\Users\Rishabh\yantraandroid\yantraAndroid\app\build\intermediates\transforms\instantRunSlicer\debug\folders\1\5\slice_8
java_class_path (initial): C:\Users\Rishabh\AppData\Local\Android\Sdk\build-tools\26.0.2\lib\dx.jar
Launcher Type: SUN_STANDARD

Environment Variables:
PATH=C:\ProgramData\Oracle\Java\javapath;C:\WINDOWS\system32;C:\WINDOWS;C:\WINDOWS\System32\Wbem;C:\WINDOWS\System32\WindowsPowerShell\v1.0\;C:\Program Files (x86)\Sennheiser\SoftphoneSDK\;C:\Program Files\Git\cmd;C:\Users\Rishabh\Downloads\sonar-scanner-2.6.1\bin;C:\Program Files\Java\jdk1.8.0_151;C:\Users\Rishabh\Downloads\sonarqube-6.7\bin;C:\Program Files\gradle-2.8\bin;C:\Users\Rishabh\AppData\Local\Microsoft\WindowsApps;C:\Users\Rishabh\AppData\Local\Programs\Python\Python36-32;C:\Users\Rishabh\AppData\Local\Programs\Python\Python36-32\Scripts;C:\Program Files\gradle-2.8\bin;C:\Program Files\Java\jdk1.8.0_151\bin;C:\Program Files\Java\jdk1.8.0_151\bin;
USERNAME=Rishabh
OS=Windows_NT
PROCESSOR_IDENTIFIER=Intel64 Family 6 Model 58 Stepping 9, GenuineIntel



---------------  S Y S T E M  ---------------

OS: Windows 10.0 , 64 bit Build 15063 (10.0.15063.296)

CPU:total 4 (initial active 4) (2 cores per cpu, 2 threads per core) family 6 model 58 stepping 9, cmov, cx8, fxsr, mmx, sse, sse2, sse3, ssse3, sse4.1, sse4.2, popcnt, avx, aes, clmul, erms, ht, tsc, tscinvbit, tscinv

Memory: 4k page, physical 8203160k(304568k free), swap 16227996k(668k free)

vm_info: OpenJDK 64-Bit Server VM (25.152-b02) for windows-amd64 JRE (1.8.0_152-release-1024-b02), built by "builder" with MS VC++ 10.0 (VS2010)

time: Mon Jun 25 12:27:51 2018
elapsed time: 7 seconds (0d 0h 0m 7s)

