#
# There is insufficient memory for the Java Runtime Environment to continue.
# Native memory allocation (malloc) failed to allocate 32744 bytes for ChunkPool::allocate
# Possible reasons:
#   The system is out of physical RAM or swap space
#   In 32 bit mode, the process size limit was hit
# Possible solutions:
#   Reduce memory load on the system
#   Increase physical memory or swap space
#   Check if swap backing store is full
#   Use 64 bit Java on a 64 bit OS
#   Decrease Java heap size (-Xmx/-Xms)
#   Decrease number of Java threads
#   Decrease Java thread stack sizes (-Xss)
#   Set larger code cache with -XX:ReservedCodeCacheSize=
# This output file may be truncated or incomplete.
#
#  Out of Memory Error (allocation.cpp:273), pid=5260, tid=0x00000000000038cc
#
# JRE version: OpenJDK Runtime Environment (8.0_152-b02) (build 1.8.0_152-release-1024-b02)
# Java VM: OpenJDK 64-Bit Server VM (25.152-b02 mixed mode windows-amd64 compressed oops)
# Failed to write core dump. Minidumps are not enabled by default on client versions of Windows
#

---------------  T H R E A D  ---------------

Current thread (0x000000001c857800):  JavaThread "C1 CompilerThread2" daemon [_thread_in_native, id=14540, stack(0x000000001e0b0000,0x000000001e1b0000)]

Stack: [0x000000001e0b0000,0x000000001e1b0000]
[error occurred during error reporting (printing stack bounds), id 0xc0000005]

Native frames: (J=compiled Java code, j=interpreted, Vv=VM code, C=native code)


Current CompileTask:
C1:   2559  375   !   3       com.android.dx.cf.code.BytecodeArray::parseInstruction (2796 bytes)


---------------  P R O C E S S  ---------------

Java Threads: ( => current thread )
  0x000000001e4a6800 JavaThread "pool-2-thread-4" [_thread_blocked, id=18680, stack(0x000000001ebb0000,0x000000001ecb0000)]
  0x000000001e4a5000 JavaThread "pool-2-thread-3" [_thread_in_Java, id=11148, stack(0x000000001eab0000,0x000000001ebb0000)]
  0x000000001e32b800 JavaThread "pool-2-thread-2" [_thread_blocked, id=17012, stack(0x000000001e9b0000,0x000000001eab0000)]
  0x000000001e329000 JavaThread "pool-3-thread-1" [_thread_blocked, id=14392, stack(0x000000001e8b0000,0x000000001e9b0000)]
  0x000000001e326000 JavaThread "pool-2-thread-1" [_thread_in_native, id=16284, stack(0x000000001e7b0000,0x000000001e8b0000)]
  0x000000001e1b6800 JavaThread "Service Thread" daemon [_thread_blocked, id=12968, stack(0x000000001e5b0000,0x000000001e6b0000)]
=>0x000000001c857800 JavaThread "C1 CompilerThread2" daemon [_thread_in_native, id=14540, stack(0x000000001e0b0000,0x000000001e1b0000)]
  0x000000001c851000 JavaThread "C2 CompilerThread1" daemon [_thread_blocked, id=9556, stack(0x000000001dfb0000,0x000000001e0b0000)]
  0x000000001c84e000 JavaThread "C2 CompilerThread0" daemon [_thread_in_native, id=17620, stack(0x000000001deb0000,0x000000001dfb0000)]
  0x000000001c85b000 JavaThread "Attach Listener" daemon [_thread_blocked, id=17556, stack(0x000000001ddb0000,0x000000001deb0000)]
  0x000000001c859800 JavaThread "Signal Dispatcher" daemon [_thread_blocked, id=13784, stack(0x000000001dcb0000,0x000000001ddb0000)]
  0x0000000003176800 JavaThread "Finalizer" daemon [_thread_blocked, id=13452, stack(0x000000001dac0000,0x000000001dbc0000)]
  0x0000000003171800 JavaThread "Reference Handler" daemon [_thread_blocked, id=17788, stack(0x000000001d9c0000,0x000000001dac0000)]
  0x0000000003082800 JavaThread "main" [_thread_blocked, id=12872, stack(0x0000000002df0000,0x0000000002ef0000)]

Other Threads:
  0x000000001c815800 VMThread [stack: 0x000000001d8c0000,0x000000001d9c0000] [id=8332]
  0x000000001e1b7000 WatcherThread [stack: 0x000000001e6b0000,0x000000001e7b0000] [id=796]

VM state:not at safepoint (normal execution)

VM Mutex/Monitor currently owned by a thread: None

Heap:
 PSYoungGen      total 37888K, used 11458K [0x000000076ab00000, 0x000000076d500000, 0x00000007c0000000)
  eden space 32768K, 34% used [0x000000076ab00000,0x000000076b630b40,0x000000076cb00000)
  from space 5120K, 0% used [0x000000076d000000,0x000000076d000000,0x000000076d500000)
  to   space 5120K, 0% used [0x000000076cb00000,0x000000076cb00000,0x000000076d000000)
 ParOldGen       total 86016K, used 0K [0x00000006c0000000, 0x00000006c5400000, 0x000000076ab00000)
  object space 86016K, 0% used [0x00000006c0000000,0x00000006c0000000,0x00000006c5400000)
 Metaspace       used 5207K, capacity 6352K, committed 6528K, reserved 1056768K
  class space    used 559K, capacity 584K, committed 640K, reserved 1048576K

Card table byte_map: [0x0000000012540000,0x0000000012d50000] byte_map_base: 0x000000000ef40000

Marking Bits: (ParMarkBitMap*) 0x000000005e454970
 Begin Bits: [0x00000000136b0000, 0x00000000176b0000)
 End Bits:   [0x00000000176b0000, 0x000000001b6b0000)

Polling page: 0x0000000001590000

CodeCache: size=245760Kb used=1803Kb max_used=1814Kb free=243956Kb
 bounds [0x0000000003180000, 0x00000000033f0000, 0x0000000012180000]
 total_blobs=640 nmethods=378 adapters=176
 compilation: enabled

Compilation events (10 events):
Event: 2.541 Thread 0x000000001c857800  375   !   3       com.android.dx.cf.code.BytecodeArray::parseInstruction (2796 bytes)
Event: 2.541 Thread 0x000000001c851000  386       4       com.android.dx.rop.type.Type::getCategory (36 bytes)
Event: 2.542 Thread 0x000000001c851000 nmethod 386 0x000000000333c4d0 code [0x000000000333c600, 0x000000000333c678]
Event: 2.544 Thread 0x000000001c851000  397       4       java.util.ArrayList$Itr::hasNext (20 bytes)
Event: 2.545 Thread 0x000000001c851000 nmethod 397 0x00000000033457d0 code [0x0000000003345900, 0x0000000003345998]
Event: 2.546 Thread 0x000000001c851000  404       4       java.util.ArrayList$Itr::next (66 bytes)
Event: 2.547 Thread 0x000000001c84e000  406   !   4       com.android.dx.util.FixedSizeList::get0 (47 bytes)
Event: 2.547 Thread 0x000000001c84e000 nmethod 406 0x0000000003344010 code [0x0000000003344140, 0x00000000033441f8]
Event: 2.548 Thread 0x000000001c851000 nmethod 404 0x0000000003343c50 code [0x0000000003343da0, 0x0000000003343eb8]
Event: 2.557 Thread 0x000000001c84e000  408       4       java.util.HashMap::getNode (148 bytes)

GC Heap History (0 events):
No events

Deoptimization events (0 events):
No events

Classes redefined (0 events):
No events

Internal exceptions (2 events):
Event: 0.151 Thread 0x0000000003082800 Exception <a 'java/lang/NoSuchMethodError': Method sun.misc.Unsafe.defineClass(Ljava/lang/String;[BII)Ljava/lang/Class; name or signature does not match> (0x000000076ab07ca8) thrown at [D:\src\AOSP-openjdk-cygwin\jdk8u\hotspot\src\share\vm\prims\jni.cpp, 
Event: 0.151 Thread 0x0000000003082800 Exception <a 'java/lang/NoSuchMethodError': Method sun.misc.Unsafe.prefetchRead(Ljava/lang/Object;J)V name or signature does not match> (0x000000076ab07f90) thrown at [D:\src\AOSP-openjdk-cygwin\jdk8u\hotspot\src\share\vm\prims\jni.cpp, line 4011]

Events (10 events):
Event: 2.553 loading class com/android/dx/dex/code/form/Form21t
Event: 2.553 loading class com/android/dx/dex/code/form/Form21t done
Event: 2.554 loading class com/android/dx/dex/code/form/Form22s
Event: 2.554 loading class com/android/dx/dex/code/form/Form22s done
Event: 2.555 loading class com/android/dx/dex/code/form/Form22b
Event: 2.555 loading class com/android/dx/dex/code/form/Form22b done
Event: 2.556 loading class com/android/dx/dex/code/form/Form45cc
Event: 2.556 loading class com/android/dx/dex/code/form/Form45cc done
Event: 2.556 loading class com/android/dx/dex/code/form/Form4rcc
Event: 2.556 loading class com/android/dx/dex/code/form/Form4rcc done


Dynamic libraries:
0x00007ff6d1300000 - 0x00007ff6d1331000 	C:\Program Files\Android\Android Studio\jre\bin\java.exe
0x00007fff0a9e0000 - 0x00007fff0abbb000 	C:\WINDOWS\SYSTEM32\ntdll.dll
0x00007fff0a400000 - 0x00007fff0a4ae000 	C:\WINDOWS\System32\KERNEL32.DLL
0x00007fff075a0000 - 0x00007fff077e9000 	C:\WINDOWS\System32\KERNELBASE.dll
0x00007fff09de0000 - 0x00007fff09e81000 	C:\WINDOWS\System32\ADVAPI32.dll
0x00007fff09f70000 - 0x00007fff0a00d000 	C:\WINDOWS\System32\msvcrt.dll
0x00007fff09ea0000 - 0x00007fff09ef9000 	C:\WINDOWS\System32\sechost.dll
0x00007fff0a8b0000 - 0x00007fff0a9d5000 	C:\WINDOWS\System32\RPCRT4.dll
0x00007fff08410000 - 0x00007fff0855a000 	C:\WINDOWS\System32\USER32.dll
0x00007fff06fb0000 - 0x00007fff06fce000 	C:\WINDOWS\System32\win32u.dll
0x00007fff0a0b0000 - 0x00007fff0a0d7000 	C:\WINDOWS\System32\GDI32.dll
0x00007fff07210000 - 0x00007fff07398000 	C:\WINDOWS\System32\gdi32full.dll
0x00007fff073a0000 - 0x00007fff0743a000 	C:\WINDOWS\System32\msvcp_win.dll
0x00007fff07440000 - 0x00007fff07536000 	C:\WINDOWS\System32\ucrtbase.dll
0x00007ffefa090000 - 0x00007ffefa2f7000 	C:\WINDOWS\WinSxS\amd64_microsoft.windows.common-controls_6595b64144ccf1df_6.0.15063.483_none_26002d27e7c744a2\COMCTL32.dll
0x00007fff0a0e0000 - 0x00007fff0a3d9000 	C:\WINDOWS\System32\combase.dll
0x00007fff071a0000 - 0x00007fff0720a000 	C:\WINDOWS\System32\bcryptPrimitives.dll
0x00007fff09ac0000 - 0x00007fff09aed000 	C:\WINDOWS\System32\IMM32.DLL
0x000000005d060000 - 0x000000005d132000 	C:\Program Files\Android\Android Studio\jre\jre\bin\msvcr100.dll
0x000000005dc90000 - 0x000000005e4cf000 	C:\Program Files\Android\Android Studio\jre\jre\bin\server\jvm.dll
0x00007fff09ab0000 - 0x00007fff09ab8000 	C:\WINDOWS\System32\PSAPI.DLL
0x00007ffee9a20000 - 0x00007ffee9a29000 	C:\WINDOWS\SYSTEM32\WSOCK32.dll
0x00007fff09f00000 - 0x00007fff09f6c000 	C:\WINDOWS\System32\WS2_32.dll
0x00007fff05390000 - 0x00007fff053b3000 	C:\WINDOWS\SYSTEM32\WINMM.dll
0x00007ffef9cc0000 - 0x00007ffef9cca000 	C:\WINDOWS\SYSTEM32\VERSION.dll
0x00007fff05360000 - 0x00007fff0538b000 	C:\WINDOWS\SYSTEM32\WINMMBASE.dll
0x00007fff07ef0000 - 0x00007fff07f39000 	C:\WINDOWS\System32\cfgmgr32.dll
0x00007ffef3880000 - 0x00007ffef388f000 	C:\Program Files\Android\Android Studio\jre\jre\bin\verify.dll
0x00007ffeece00000 - 0x00007ffeece29000 	C:\Program Files\Android\Android Studio\jre\jre\bin\java.dll
0x00007ffee9ce0000 - 0x00007ffee9cf6000 	C:\Program Files\Android\Android Studio\jre\jre\bin\zip.dll
0x00007fff08670000 - 0x00007fff09aa7000 	C:\WINDOWS\System32\SHELL32.dll
0x00007fff0a7a0000 - 0x00007fff0a84a000 	C:\WINDOWS\System32\shcore.dll
0x00007fff077f0000 - 0x00007fff07ee2000 	C:\WINDOWS\System32\windows.storage.dll
0x00007fff0a740000 - 0x00007fff0a791000 	C:\WINDOWS\System32\shlwapi.dll
0x00007fff06e70000 - 0x00007fff06e81000 	C:\WINDOWS\System32\kernel.appcore.dll
0x00007fff06eb0000 - 0x00007fff06efc000 	C:\WINDOWS\System32\powrprof.dll
0x00007fff06e50000 - 0x00007fff06e65000 	C:\WINDOWS\System32\profapi.dll

VM Arguments:
jvm_args: -Djava.awt.headless=true -Xmx4g -Dfile.encoding=UTF-8 -Duser.country=US -Duser.language=en -Duser.variant 
java_command: com.android.dx.command.Main --dex --force-jumbo --num-threads=4 --multi-dex --output C:\Users\Rishabh\yantraandroid\yantraAndroid\app\build\intermediates\transforms\dex\debug\folders\1000\5\slice_1 C:\Users\Rishabh\yantraandroid\yantraAndroid\app\build\intermediates\transforms\instantRunSlicer\debug\folders\1\5\slice_1
java_class_path (initial): C:\Users\Rishabh\AppData\Local\Android\Sdk\build-tools\26.0.2\lib\dx.jar
Launcher Type: SUN_STANDARD

Environment Variables:
PATH=C:\ProgramData\Oracle\Java\javapath;C:\WINDOWS\system32;C:\WINDOWS;C:\WINDOWS\System32\Wbem;C:\WINDOWS\System32\WindowsPowerShell\v1.0\;C:\Program Files (x86)\Sennheiser\SoftphoneSDK\;C:\Program Files\Git\cmd;C:\Users\Rishabh\Downloads\sonar-scanner-2.6.1\bin;C:\Program Files\Java\jdk1.8.0_151;C:\Users\Rishabh\Downloads\sonarqube-6.7\bin;C:\Program Files\gradle-2.8\bin;C:\Users\Rishabh\AppData\Local\Microsoft\WindowsApps;C:\Users\Rishabh\AppData\Local\Programs\Python\Python36-32;C:\Users\Rishabh\AppData\Local\Programs\Python\Python36-32\Scripts;C:\Program Files\gradle-2.8\bin;C:\Program Files\Java\jdk1.8.0_151\bin;C:\Program Files\Java\jdk1.8.0_151\bin;
USERNAME=Rishabh
OS=Windows_NT
PROCESSOR_IDENTIFIER=Intel64 Family 6 Model 58 Stepping 9, GenuineIntel



---------------  S Y S T E M  ---------------

OS: Windows 10.0 , 64 bit Build 15063 (10.0.15063.296)

CPU:total 4 (initial active 4) (2 cores per cpu, 2 threads per core) family 6 model 58 stepping 9, cmov, cx8, fxsr, mmx, sse, sse2, sse3, ssse3, sse4.1, sse4.2, popcnt, avx, aes, clmul, erms, ht, tsc, tscinvbit, tscinv

Memory: 4k page, physical 8203160k(558264k free), swap 16327204k(248k free)

vm_info: OpenJDK 64-Bit Server VM (25.152-b02) for windows-amd64 JRE (1.8.0_152-release-1024-b02), built by "builder" with MS VC++ 10.0 (VS2010)

time: Mon Jun 25 16:45:45 2018
elapsed time: 2 seconds (0d 0h 0m 2s)

