#
# There is insufficient memory for the Java Runtime Environment to continue.
# Native memory allocation (malloc) failed to allocate 32744 bytes for ChunkPool::allocate
# Possible reasons:
#   The system is out of physical RAM or swap space
#   In 32 bit mode, the process size limit was hit
# Possible solutions:
#   Reduce memory load on the system
#   Increase physical memory or swap space
#   Check if swap backing store is full
#   Use 64 bit Java on a 64 bit OS
#   Decrease Java heap size (-Xmx/-Xms)
#   Decrease number of Java threads
#   Decrease Java thread stack sizes (-Xss)
#   Set larger code cache with -XX:ReservedCodeCacheSize=
# This output file may be truncated or incomplete.
#
#  Out of Memory Error (allocation.cpp:273), pid=18640, tid=0x00000000000035e0
#
# JRE version: OpenJDK Runtime Environment (8.0_152-b02) (build 1.8.0_152-release-1024-b02)
# Java VM: OpenJDK 64-Bit Server VM (25.152-b02 mixed mode windows-amd64 compressed oops)
# Failed to write core dump. Minidumps are not enabled by default on client versions of Windows
#

---------------  T H R E A D  ---------------

Current thread (0x000000001c25e000):  JavaThread "C2 CompilerThread0" daemon [_thread_in_native, id=13792, stack(0x000000001d8b0000,0x000000001d9b0000)]

Stack: [0x000000001d8b0000,0x000000001d9b0000]
[error occurred during error reporting (printing stack bounds), id 0xc0000005]

Native frames: (J=compiled Java code, j=interpreted, Vv=VM code, C=native code)


Current CompileTask:
C2:   3966 1023   !   4       com.android.dx.cf.code.BytecodeArray::parseInstruction (2796 bytes)


---------------  P R O C E S S  ---------------

Java Threads: ( => current thread )
  0x000000001dc38800 JavaThread "pool-2-thread-4" [_thread_blocked, id=1160, stack(0x000000001e5b0000,0x000000001e6b0000)]
  0x000000001dc36000 JavaThread "pool-2-thread-3" [_thread_blocked, id=17968, stack(0x000000001e4b0000,0x000000001e5b0000)]
  0x000000001dc3c000 JavaThread "pool-2-thread-2" [_thread_in_vm, id=5752, stack(0x000000001e3b0000,0x000000001e4b0000)]
  0x000000001dc0a000 JavaThread "pool-3-thread-1" [_thread_blocked, id=11480, stack(0x000000001e2b0000,0x000000001e3b0000)]
  0x000000001dc09800 JavaThread "pool-2-thread-1" [_thread_blocked, id=6084, stack(0x000000001e1b0000,0x000000001e2b0000)]
  0x000000001dac0800 JavaThread "Service Thread" daemon [_thread_blocked, id=2980, stack(0x000000001dfb0000,0x000000001e0b0000)]
  0x000000001dab1000 JavaThread "C1 CompilerThread2" daemon [_thread_blocked, id=1720, stack(0x000000001deb0000,0x000000001dfb0000)]
  0x000000001c2ba000 JavaThread "C2 CompilerThread1" daemon [_thread_in_native, id=8904, stack(0x000000001d9b0000,0x000000001dab0000)]
=>0x000000001c25e000 JavaThread "C2 CompilerThread0" daemon [_thread_in_native, id=13792, stack(0x000000001d8b0000,0x000000001d9b0000)]
  0x000000001c26a800 JavaThread "Attach Listener" daemon [_thread_blocked, id=7276, stack(0x000000001d7b0000,0x000000001d8b0000)]
  0x000000001c269800 JavaThread "Signal Dispatcher" daemon [_thread_blocked, id=11200, stack(0x000000001d6b0000,0x000000001d7b0000)]
  0x0000000002b86800 JavaThread "Finalizer" daemon [_thread_blocked, id=12392, stack(0x000000001d4c0000,0x000000001d5c0000)]
  0x0000000002b81800 JavaThread "Reference Handler" daemon [_thread_blocked, id=6720, stack(0x000000001d3c0000,0x000000001d4c0000)]
  0x0000000002a92800 JavaThread "main" [_thread_in_vm, id=13168, stack(0x0000000002800000,0x0000000002900000)]

Other Threads:
  0x000000001c225800 VMThread [stack: 0x000000001d2c0000,0x000000001d3c0000] [id=10012]
  0x000000001dab5000 WatcherThread [stack: 0x000000001e0b0000,0x000000001e1b0000] [id=18068]

VM state:not at safepoint (normal execution)

VM Mutex/Monitor currently owned by a thread: None

Heap:
 PSYoungGen      total 37888K, used 20344K [0x000000076ab00000, 0x000000076d500000, 0x00000007c0000000)
  eden space 32768K, 62% used [0x000000076ab00000,0x000000076bede1c0,0x000000076cb00000)
  from space 5120K, 0% used [0x000000076d000000,0x000000076d000000,0x000000076d500000)
  to   space 5120K, 0% used [0x000000076cb00000,0x000000076cb00000,0x000000076d000000)
 ParOldGen       total 86016K, used 0K [0x00000006c0000000, 0x00000006c5400000, 0x000000076ab00000)
  object space 86016K, 0% used [0x00000006c0000000,0x00000006c0000000,0x00000006c5400000)
 Metaspace       used 5799K, capacity 6896K, committed 7040K, reserved 1056768K
  class space    used 570K, capacity 616K, committed 640K, reserved 1048576K

Card table byte_map: [0x0000000011f50000,0x0000000012760000] byte_map_base: 0x000000000e950000

Marking Bits: (ParMarkBitMap*) 0x000000005e454970
 Begin Bits: [0x00000000130c0000, 0x00000000170c0000)
 End Bits:   [0x00000000170c0000, 0x000000001b0c0000)

Polling page: 0x00000000011b0000

CodeCache: size=245760Kb used=4272Kb max_used=4283Kb free=241487Kb
 bounds [0x0000000002b90000, 0x0000000002fd0000, 0x0000000011b90000]
 total_blobs=1283 nmethods=1021 adapters=176
 compilation: enabled

Compilation events (10 events):
Event: 3.900 Thread 0x000000001dab1000 nmethod 1018 0x0000000002fbbd10 code [0x0000000002fbbec0, 0x0000000002fbc3a8]
Event: 3.904 Thread 0x000000001dab1000 1019       3       com.android.dx.cf.code.BytecodeArray$ConstantParserVisitor::visitConstant (18 bytes)
Event: 3.904 Thread 0x000000001dab1000 nmethod 1019 0x0000000002fbb9d0 code [0x0000000002fbbb20, 0x0000000002fbbc90]
Event: 3.906 Thread 0x000000001c25e000 1020       4       com.android.dx.util.IntList::binarysearch (124 bytes)
Event: 3.909 Thread 0x000000001c25e000 nmethod 1020 0x0000000002fb9f50 code [0x0000000002fba0a0, 0x0000000002fba298]
Event: 3.909 Thread 0x000000001c25e000 1021       4       com.android.dx.cf.code.Ropper::labelToResultIndex (47 bytes)
Event: 3.914 Thread 0x000000001c25e000 nmethod 1021 0x0000000002fc2310 code [0x0000000002fc2460, 0x0000000002fc2718]
Event: 3.916 Thread 0x000000001c25e000 1022       4       com.android.dx.cf.code.BytecodeArray$ConstantParserVisitor::visitConstant (18 bytes)
Event: 3.916 Thread 0x000000001c25e000 nmethod 1022 0x0000000002f3cc50 code [0x0000000002f3cd80, 0x0000000002f3cdf8]
Event: 3.916 Thread 0x000000001c25e000 1023   !   4       com.android.dx.cf.code.BytecodeArray::parseInstruction (2796 bytes)

GC Heap History (0 events):
No events

Deoptimization events (9 events):
Event: 2.323 Thread 0x000000001dc38800 Uncommon trap: reason=class_check action=maybe_recompile pc=0x0000000002d93ef4 method=com.android.dx.rop.cst.Constant.compareTo(Ljava/lang/Object;)I @ 2
Event: 2.347 Thread 0x000000001dc38800 Uncommon trap: reason=class_check action=maybe_recompile pc=0x0000000002d93ef4 method=com.android.dx.rop.cst.Constant.compareTo(Ljava/lang/Object;)I @ 2
Event: 2.347 Thread 0x000000001dc38800 Uncommon trap: reason=class_check action=maybe_recompile pc=0x0000000002d93ef4 method=com.android.dx.rop.cst.Constant.compareTo(Ljava/lang/Object;)I @ 2
Event: 2.349 Thread 0x000000001dc38800 Uncommon trap: reason=unstable_if action=reinterpret pc=0x0000000002dadf08 method=java.util.HashMap.getNode(ILjava/lang/Object;)Ljava/util/HashMap$Node; @ 129
Event: 2.353 Thread 0x000000001dc36000 Uncommon trap: reason=class_check action=maybe_recompile pc=0x0000000002d93ef4 method=com.android.dx.rop.cst.Constant.compareTo(Ljava/lang/Object;)I @ 2
Event: 2.406 Thread 0x000000001dc36000 Uncommon trap: reason=speculate_class_check action=maybe_recompile pc=0x0000000002df007c method=com.android.dx.rop.cst.Constant.compareTo(Lcom/android/dx/rop/cst/Constant;)I @ 29
Event: 2.406 Thread 0x000000001dc36000 Uncommon trap: reason=speculate_class_check action=maybe_recompile pc=0x0000000002df007c method=com.android.dx.rop.cst.Constant.compareTo(Lcom/android/dx/rop/cst/Constant;)I @ 29
Event: 2.406 Thread 0x000000001dc36000 Uncommon trap: reason=speculate_class_check action=maybe_recompile pc=0x0000000002df007c method=com.android.dx.rop.cst.Constant.compareTo(Lcom/android/dx/rop/cst/Constant;)I @ 29
Event: 2.406 Thread 0x000000001dc36000 Uncommon trap: reason=speculate_class_check action=maybe_recompile pc=0x0000000002df007c method=com.android.dx.rop.cst.Constant.compareTo(Lcom/android/dx/rop/cst/Constant;)I @ 29

Classes redefined (0 events):
No events

Internal exceptions (2 events):
Event: 0.169 Thread 0x0000000002a92800 Exception <a 'java/lang/NoSuchMethodError': Method sun.misc.Unsafe.defineClass(Ljava/lang/String;[BII)Ljava/lang/Class; name or signature does not match> (0x000000076ab07ca8) thrown at [D:\src\AOSP-openjdk-cygwin\jdk8u\hotspot\src\share\vm\prims\jni.cpp, 
Event: 0.169 Thread 0x0000000002a92800 Exception <a 'java/lang/NoSuchMethodError': Method sun.misc.Unsafe.prefetchRead(Ljava/lang/Object;J)V name or signature does not match> (0x000000076ab07f90) thrown at [D:\src\AOSP-openjdk-cygwin\jdk8u\hotspot\src\share\vm\prims\jni.cpp, line 4011]

Events (10 events):
Event: 2.406 Thread 0x000000001dc36000 Uncommon trap: trap_request=0xffffff76 fr.pc=0x0000000002df007c
Event: 2.406 Thread 0x000000001dc36000 DEOPT PACKING pc=0x0000000002df007c sp=0x000000001e5aeb00
Event: 2.406 Thread 0x000000001dc36000 DEOPT UNPACKING pc=0x0000000002bd557b sp=0x000000001e5aea30 mode 2
Event: 2.406 Thread 0x000000001dc36000 Uncommon trap: trap_request=0xffffff76 fr.pc=0x0000000002df007c
Event: 2.406 Thread 0x000000001dc36000 DEOPT PACKING pc=0x0000000002df007c sp=0x000000001e5aeb20
Event: 2.406 Thread 0x000000001dc36000 DEOPT UNPACKING pc=0x0000000002bd557b sp=0x000000001e5aea50 mode 2
Event: 2.836 Executing VM operation: ForceSafepoint
Event: 2.836 Executing VM operation: ForceSafepoint done
Event: 3.902 loading class com/android/dx/cf/code/BytecodeArray$ConstantParserVisitor
Event: 3.902 loading class com/android/dx/cf/code/BytecodeArray$ConstantParserVisitor done


Dynamic libraries:
0x00007ff6d1300000 - 0x00007ff6d1331000 	C:\Program Files\Android\Android Studio\jre\bin\java.exe
0x00007fff0a9e0000 - 0x00007fff0abbb000 	C:\WINDOWS\SYSTEM32\ntdll.dll
0x00007fff0a400000 - 0x00007fff0a4ae000 	C:\WINDOWS\System32\KERNEL32.DLL
0x00007fff075a0000 - 0x00007fff077e9000 	C:\WINDOWS\System32\KERNELBASE.dll
0x00007fff09de0000 - 0x00007fff09e81000 	C:\WINDOWS\System32\ADVAPI32.dll
0x00007fff09f70000 - 0x00007fff0a00d000 	C:\WINDOWS\System32\msvcrt.dll
0x00007fff09ea0000 - 0x00007fff09ef9000 	C:\WINDOWS\System32\sechost.dll
0x00007fff0a8b0000 - 0x00007fff0a9d5000 	C:\WINDOWS\System32\RPCRT4.dll
0x00007fff08410000 - 0x00007fff0855a000 	C:\WINDOWS\System32\USER32.dll
0x00007fff06fb0000 - 0x00007fff06fce000 	C:\WINDOWS\System32\win32u.dll
0x00007fff0a0b0000 - 0x00007fff0a0d7000 	C:\WINDOWS\System32\GDI32.dll
0x00007fff07210000 - 0x00007fff07398000 	C:\WINDOWS\System32\gdi32full.dll
0x00007fff073a0000 - 0x00007fff0743a000 	C:\WINDOWS\System32\msvcp_win.dll
0x00007fff07440000 - 0x00007fff07536000 	C:\WINDOWS\System32\ucrtbase.dll
0x00007ffefa090000 - 0x00007ffefa2f7000 	C:\WINDOWS\WinSxS\amd64_microsoft.windows.common-controls_6595b64144ccf1df_6.0.15063.483_none_26002d27e7c744a2\COMCTL32.dll
0x00007fff0a0e0000 - 0x00007fff0a3d9000 	C:\WINDOWS\System32\combase.dll
0x00007fff071a0000 - 0x00007fff0720a000 	C:\WINDOWS\System32\bcryptPrimitives.dll
0x00007fff09ac0000 - 0x00007fff09aed000 	C:\WINDOWS\System32\IMM32.DLL
0x000000005d060000 - 0x000000005d132000 	C:\Program Files\Android\Android Studio\jre\jre\bin\msvcr100.dll
0x000000005dc90000 - 0x000000005e4cf000 	C:\Program Files\Android\Android Studio\jre\jre\bin\server\jvm.dll
0x00007fff09ab0000 - 0x00007fff09ab8000 	C:\WINDOWS\System32\PSAPI.DLL
0x00007ffee9a20000 - 0x00007ffee9a29000 	C:\WINDOWS\SYSTEM32\WSOCK32.dll
0x00007fff09f00000 - 0x00007fff09f6c000 	C:\WINDOWS\System32\WS2_32.dll
0x00007fff05390000 - 0x00007fff053b3000 	C:\WINDOWS\SYSTEM32\WINMM.dll
0x00007ffef9cc0000 - 0x00007ffef9cca000 	C:\WINDOWS\SYSTEM32\VERSION.dll
0x00007fff05360000 - 0x00007fff0538b000 	C:\WINDOWS\SYSTEM32\WINMMBASE.dll
0x00007fff07ef0000 - 0x00007fff07f39000 	C:\WINDOWS\System32\cfgmgr32.dll
0x00007ffef3880000 - 0x00007ffef388f000 	C:\Program Files\Android\Android Studio\jre\jre\bin\verify.dll
0x00007ffeece00000 - 0x00007ffeece29000 	C:\Program Files\Android\Android Studio\jre\jre\bin\java.dll
0x00007ffee9ce0000 - 0x00007ffee9cf6000 	C:\Program Files\Android\Android Studio\jre\jre\bin\zip.dll
0x00007fff08670000 - 0x00007fff09aa7000 	C:\WINDOWS\System32\SHELL32.dll
0x00007fff0a7a0000 - 0x00007fff0a84a000 	C:\WINDOWS\System32\shcore.dll
0x00007fff077f0000 - 0x00007fff07ee2000 	C:\WINDOWS\System32\windows.storage.dll
0x00007fff0a740000 - 0x00007fff0a791000 	C:\WINDOWS\System32\shlwapi.dll
0x00007fff06e70000 - 0x00007fff06e81000 	C:\WINDOWS\System32\kernel.appcore.dll
0x00007fff06eb0000 - 0x00007fff06efc000 	C:\WINDOWS\System32\powrprof.dll
0x00007fff06e50000 - 0x00007fff06e65000 	C:\WINDOWS\System32\profapi.dll

VM Arguments:
jvm_args: -Djava.awt.headless=true -Xmx4g -Dfile.encoding=UTF-8 -Duser.country=US -Duser.language=en -Duser.variant 
java_command: com.android.dx.command.Main --dex --force-jumbo --num-threads=4 --multi-dex --output C:\Users\Rishabh\yantraandroid\yantraAndroid\app\build\intermediates\transforms\dex\debug\folders\1000\5\slice_4 C:\Users\Rishabh\yantraandroid\yantraAndroid\app\build\intermediates\transforms\instantRunSlicer\debug\folders\1\5\slice_4
java_class_path (initial): C:\Users\Rishabh\AppData\Local\Android\Sdk\build-tools\26.0.2\lib\dx.jar
Launcher Type: SUN_STANDARD

Environment Variables:
PATH=C:\ProgramData\Oracle\Java\javapath;C:\WINDOWS\system32;C:\WINDOWS;C:\WINDOWS\System32\Wbem;C:\WINDOWS\System32\WindowsPowerShell\v1.0\;C:\Program Files (x86)\Sennheiser\SoftphoneSDK\;C:\Program Files\Git\cmd;C:\Users\Rishabh\Downloads\sonar-scanner-2.6.1\bin;C:\Program Files\Java\jdk1.8.0_151;C:\Users\Rishabh\Downloads\sonarqube-6.7\bin;C:\Program Files\gradle-2.8\bin;C:\Users\Rishabh\AppData\Local\Microsoft\WindowsApps;C:\Users\Rishabh\AppData\Local\Programs\Python\Python36-32;C:\Users\Rishabh\AppData\Local\Programs\Python\Python36-32\Scripts;C:\Program Files\gradle-2.8\bin;C:\Program Files\Java\jdk1.8.0_151\bin;C:\Program Files\Java\jdk1.8.0_151\bin;
USERNAME=Rishabh
OS=Windows_NT
PROCESSOR_IDENTIFIER=Intel64 Family 6 Model 58 Stepping 9, GenuineIntel



---------------  S Y S T E M  ---------------

OS: Windows 10.0 , 64 bit Build 15063 (10.0.15063.296)

CPU:total 4 (initial active 4) (2 cores per cpu, 2 threads per core) family 6 model 58 stepping 9, cmov, cx8, fxsr, mmx, sse, sse2, sse3, ssse3, sse4.1, sse4.2, popcnt, avx, aes, clmul, erms, ht, tsc, tscinvbit, tscinv

Memory: 4k page, physical 8203160k(515268k free), swap 16227444k(5120k free)

vm_info: OpenJDK 64-Bit Server VM (25.152-b02) for windows-amd64 JRE (1.8.0_152-release-1024-b02), built by "builder" with MS VC++ 10.0 (VS2010)

time: Mon Jun 25 16:25:45 2018
elapsed time: 3 seconds (0d 0h 0m 3s)

