#
# There is insufficient memory for the Java Runtime Environment to continue.
# Native memory allocation (malloc) failed to allocate 573616 bytes for Chunk::new
# Possible reasons:
#   The system is out of physical RAM or swap space
#   In 32 bit mode, the process size limit was hit
# Possible solutions:
#   Reduce memory load on the system
#   Increase physical memory or swap space
#   Check if swap backing store is full
#   Use 64 bit Java on a 64 bit OS
#   Decrease Java heap size (-Xmx/-Xms)
#   Decrease number of Java threads
#   Decrease Java thread stack sizes (-Xss)
#   Set larger code cache with -XX:ReservedCodeCacheSize=
# This output file may be truncated or incomplete.
#
#  Out of Memory Error (allocation.cpp:390), pid=6304, tid=0x0000000000004b34
#
# JRE version: OpenJDK Runtime Environment (8.0_152-b02) (build 1.8.0_152-release-1024-b02)
# Java VM: OpenJDK 64-Bit Server VM (25.152-b02 mixed mode windows-amd64 compressed oops)
# Failed to write core dump. Minidumps are not enabled by default on client versions of Windows
#

---------------  T H R E A D  ---------------

Current thread (0x000000001bc71000):  JavaThread "C2 CompilerThread1" daemon [_thread_in_native, id=19252, stack(0x000000001d3e0000,0x000000001d4e0000)]

Stack: [0x000000001d3e0000,0x000000001d4e0000]
[error occurred during error reporting (printing stack bounds), id 0xc0000005]

Native frames: (J=compiled Java code, j=interpreted, Vv=VM code, C=native code)


Current CompileTask:
C2:   7315 1618       4       com.android.dx.ssa.SCCP::simulateBlock (54 bytes)


---------------  P R O C E S S  ---------------

Java Threads: ( => current thread )
  0x000000001d901800 JavaThread "pool-2-thread-4" [_thread_in_Java, id=12236, stack(0x000000001dfe0000,0x000000001e0e0000)]
  0x000000001d899000 JavaThread "pool-2-thread-3" [_thread_in_Java, id=16828, stack(0x000000001dee0000,0x000000001dfe0000)]
  0x000000001d74c800 JavaThread "pool-2-thread-2" [_thread_in_Java, id=9580, stack(0x000000001dde0000,0x000000001dee0000)]
  0x000000001d749800 JavaThread "pool-3-thread-1" [_thread_blocked, id=8288, stack(0x000000001dce0000,0x000000001dde0000)]
  0x000000001d749000 JavaThread "pool-2-thread-1" [_thread_in_Java, id=16184, stack(0x000000001dbe0000,0x000000001dce0000)]
  0x000000001d5e4800 JavaThread "Service Thread" daemon [_thread_blocked, id=15436, stack(0x000000001d9e0000,0x000000001dae0000)]
  0x000000001bc77000 JavaThread "C1 CompilerThread2" daemon [_thread_blocked, id=13624, stack(0x000000001d4e0000,0x000000001d5e0000)]
=>0x000000001bc71000 JavaThread "C2 CompilerThread1" daemon [_thread_in_native, id=19252, stack(0x000000001d3e0000,0x000000001d4e0000)]
  0x000000001bc6e000 JavaThread "C2 CompilerThread0" daemon [_thread_in_native, id=19052, stack(0x000000001d2e0000,0x000000001d3e0000)]
  0x000000001bc7a800 JavaThread "Attach Listener" daemon [_thread_blocked, id=18140, stack(0x000000001d1e0000,0x000000001d2e0000)]
  0x000000001bc79800 JavaThread "Signal Dispatcher" daemon [_thread_blocked, id=19164, stack(0x000000001d0e0000,0x000000001d1e0000)]
  0x0000000002596800 JavaThread "Finalizer" daemon [_thread_blocked, id=6720, stack(0x000000001cef0000,0x000000001cff0000)]
  0x0000000002591800 JavaThread "Reference Handler" daemon [_thread_blocked, id=16964, stack(0x000000001cdf0000,0x000000001cef0000)]
  0x00000000024a2800 JavaThread "main" [_thread_in_Java, id=11660, stack(0x0000000002220000,0x0000000002320000)]

Other Threads:
  0x000000001bc35800 VMThread [stack: 0x000000001ccf0000,0x000000001cdf0000] [id=12392]
  0x000000001d5e5000 WatcherThread [stack: 0x000000001dae0000,0x000000001dbe0000] [id=15664]

VM state:not at safepoint (normal execution)

VM Mutex/Monitor currently owned by a thread: None

Heap:
 PSYoungGen      total 37888K, used 34480K [0x000000076ab00000, 0x000000076d500000, 0x00000007c0000000)
  eden space 32768K, 89% used [0x000000076ab00000,0x000000076c7b0820,0x000000076cb00000)
  from space 5120K, 99% used [0x000000076d000000,0x000000076d4fba88,0x000000076d500000)
  to   space 5120K, 0% used [0x000000076cb00000,0x000000076cb00000,0x000000076d000000)
 ParOldGen       total 86016K, used 39111K [0x00000006c0000000, 0x00000006c5400000, 0x000000076ab00000)
  object space 86016K, 45% used [0x00000006c0000000,0x00000006c2631c20,0x00000006c5400000)
 Metaspace       used 6015K, capacity 7024K, committed 7296K, reserved 1056768K
  class space    used 575K, capacity 616K, committed 640K, reserved 1048576K

Card table byte_map: [0x0000000011960000,0x0000000012170000] byte_map_base: 0x000000000e360000

Marking Bits: (ParMarkBitMap*) 0x000000005e454970
 Begin Bits: [0x0000000012ad0000, 0x0000000016ad0000)
 End Bits:   [0x0000000016ad0000, 0x000000001aad0000)

Polling page: 0x0000000000990000

CodeCache: size=245760Kb used=7576Kb max_used=7576Kb free=238184Kb
 bounds [0x00000000025a0000, 0x0000000002d10000, 0x00000000115a0000]
 total_blobs=1847 nmethods=1583 adapters=177
 compilation: enabled

Compilation events (10 events):
Event: 7.201 Thread 0x000000001bc77000 1633       2       com.android.dx.ssa.back.FirstFitLocalCombiningAllocator::handlePhiInsns (36 bytes)
Event: 7.201 Thread 0x000000001bc77000 nmethod 1633 0x0000000002ced150 code [0x0000000002ced2e0, 0x0000000002ced5b8]
Event: 7.201 Thread 0x000000001bc77000 1634       2       com.android.dx.ssa.SsaBasicBlock::forEachInsn (37 bytes)
Event: 7.202 Thread 0x000000001bc77000 nmethod 1634 0x0000000002cf48d0 code [0x0000000002cf4a60, 0x0000000002cf4dc8]
Event: 7.202 Thread 0x000000001bc77000 1631       2       com.android.dx.ssa.ConstCollector::<init> (10 bytes)
Event: 7.202 Thread 0x000000001bc77000 nmethod 1631 0x0000000002cece10 code [0x0000000002cecf60, 0x0000000002ced0d0]
Event: 7.207 Thread 0x000000001bc77000 1636 %     3       com.android.dx.ssa.SsaBasicBlock::forEachInsn @ 10 (37 bytes)
Event: 7.208 Thread 0x000000001bc77000 nmethod 1636% 0x0000000002cee6d0 code [0x0000000002cee8a0, 0x0000000002ceefc8]
Event: 7.211 Thread 0x000000001bc77000 1638       3       com.android.dx.ssa.SsaBasicBlock::forEachInsn (37 bytes)
Event: 7.211 Thread 0x000000001bc77000 nmethod 1638 0x0000000002d06e50 code [0x0000000002d07020, 0x0000000002d076c8]

GC Heap History (8 events):
Event: 2.689 GC heap before
{Heap before GC invocations=1 (full 0):
 PSYoungGen      total 37888K, used 32768K [0x000000076ab00000, 0x000000076d500000, 0x00000007c0000000)
  eden space 32768K, 100% used [0x000000076ab00000,0x000000076cb00000,0x000000076cb00000)
  from space 5120K, 0% used [0x000000076d000000,0x000000076d000000,0x000000076d500000)
  to   space 5120K, 0% used [0x000000076cb00000,0x000000076cb00000,0x000000076d000000)
 ParOldGen       total 86016K, used 0K [0x00000006c0000000, 0x00000006c5400000, 0x000000076ab00000)
  object space 86016K, 0% used [0x00000006c0000000,0x00000006c0000000,0x00000006c5400000)
 Metaspace       used 5827K, capacity 6896K, committed 7040K, reserved 1056768K
  class space    used 569K, capacity 616K, committed 640K, reserved 1048576K
Event: 2.705 GC heap after
Heap after GC invocations=1 (full 0):
 PSYoungGen      total 37888K, used 5118K [0x000000076ab00000, 0x000000076d500000, 0x00000007c0000000)
  eden space 32768K, 0% used [0x000000076ab00000,0x000000076ab00000,0x000000076cb00000)
  from space 5120K, 99% used [0x000000076cb00000,0x000000076cfff930,0x000000076d000000)
  to   space 5120K, 0% used [0x000000076d000000,0x000000076d000000,0x000000076d500000)
 ParOldGen       total 86016K, used 1661K [0x00000006c0000000, 0x00000006c5400000, 0x000000076ab00000)
  object space 86016K, 1% used [0x00000006c0000000,0x00000006c019f4e0,0x00000006c5400000)
 Metaspace       used 5827K, capacity 6896K, committed 7040K, reserved 1056768K
  class space    used 569K, capacity 616K, committed 640K, reserved 1048576K
}
Event: 4.532 GC heap before
{Heap before GC invocations=2 (full 0):
 PSYoungGen      total 37888K, used 37886K [0x000000076ab00000, 0x000000076d500000, 0x00000007c0000000)
  eden space 32768K, 100% used [0x000000076ab00000,0x000000076cb00000,0x000000076cb00000)
  from space 5120K, 99% used [0x000000076cb00000,0x000000076cfff930,0x000000076d000000)
  to   space 5120K, 0% used [0x000000076d000000,0x000000076d000000,0x000000076d500000)
 ParOldGen       total 86016K, used 1661K [0x00000006c0000000, 0x00000006c5400000, 0x000000076ab00000)
  object space 86016K, 1% used [0x00000006c0000000,0x00000006c019f4e0,0x00000006c5400000)
 Metaspace       used 5967K, capacity 7024K, committed 7296K, reserved 1056768K
  class space    used 572K, capacity 616K, committed 640K, reserved 1048576K
Event: 4.722 GC heap after
Heap after GC invocations=2 (full 0):
 PSYoungGen      total 37888K, used 5119K [0x000000076ab00000, 0x000000076d500000, 0x00000007c0000000)
  eden space 32768K, 0% used [0x000000076ab00000,0x000000076ab00000,0x000000076cb00000)
  from space 5120K, 99% used [0x000000076d000000,0x000000076d4ffd48,0x000000076d500000)
  to   space 5120K, 0% used [0x000000076cb00000,0x000000076cb00000,0x000000076d000000)
 ParOldGen       total 86016K, used 9198K [0x00000006c0000000, 0x00000006c5400000, 0x000000076ab00000)
  object space 86016K, 10% used [0x00000006c0000000,0x00000006c08fbb50,0x00000006c5400000)
 Metaspace       used 5967K, capacity 7024K, committed 7296K, reserved 1056768K
  class space    used 572K, capacity 616K, committed 640K, reserved 1048576K
}
Event: 5.944 GC heap before
{Heap before GC invocations=3 (full 0):
 PSYoungGen      total 37888K, used 37887K [0x000000076ab00000, 0x000000076d500000, 0x00000007c0000000)
  eden space 32768K, 100% used [0x000000076ab00000,0x000000076cb00000,0x000000076cb00000)
  from space 5120K, 99% used [0x000000076d000000,0x000000076d4ffd48,0x000000076d500000)
  to   space 5120K, 0% used [0x000000076cb00000,0x000000076cb00000,0x000000076d000000)
 ParOldGen       total 86016K, used 9198K [0x00000006c0000000, 0x00000006c5400000, 0x000000076ab00000)
  object space 86016K, 10% used [0x00000006c0000000,0x00000006c08fbb50,0x00000006c5400000)
 Metaspace       used 5996K, capacity 7024K, committed 7296K, reserved 1056768K
  class space    used 575K, capacity 616K, committed 640K, reserved 1048576K
Event: 6.067 GC heap after
Heap after GC invocations=3 (full 0):
 PSYoungGen      total 37888K, used 5092K [0x000000076ab00000, 0x000000076d500000, 0x00000007c0000000)
  eden space 32768K, 0% used [0x000000076ab00000,0x000000076ab00000,0x000000076cb00000)
  from space 5120K, 99% used [0x000000076cb00000,0x000000076cff91d8,0x000000076d000000)
  to   space 5120K, 0% used [0x000000076d000000,0x000000076d000000,0x000000076d500000)
 ParOldGen       total 86016K, used 23804K [0x00000006c0000000, 0x00000006c5400000, 0x000000076ab00000)
  object space 86016K, 27% used [0x00000006c0000000,0x00000006c173f310,0x00000006c5400000)
 Metaspace       used 5996K, capacity 7024K, committed 7296K, reserved 1056768K
  class space    used 575K, capacity 616K, committed 640K, reserved 1048576K
}
Event: 6.934 GC heap before
{Heap before GC invocations=4 (full 0):
 PSYoungGen      total 37888K, used 37860K [0x000000076ab00000, 0x000000076d500000, 0x00000007c0000000)
  eden space 32768K, 100% used [0x000000076ab00000,0x000000076cb00000,0x000000076cb00000)
  from space 5120K, 99% used [0x000000076cb00000,0x000000076cff91d8,0x000000076d000000)
  to   space 5120K, 0% used [0x000000076d000000,0x000000076d000000,0x000000076d500000)
 ParOldGen       total 86016K, used 23804K [0x00000006c0000000, 0x00000006c5400000, 0x000000076ab00000)
  object space 86016K, 27% used [0x00000006c0000000,0x00000006c173f310,0x00000006c5400000)
 Metaspace       used 6006K, capacity 7024K, committed 7296K, reserved 1056768K
  class space    used 575K, capacity 616K, committed 640K, reserved 1048576K
Event: 7.065 GC heap after
Heap after GC invocations=4 (full 0):
 PSYoungGen      total 37888K, used 5102K [0x000000076ab00000, 0x000000076d500000, 0x00000007c0000000)
  eden space 32768K, 0% used [0x000000076ab00000,0x000000076ab00000,0x000000076cb00000)
  from space 5120K, 99% used [0x000000076d000000,0x000000076d4fba88,0x000000076d500000)
  to   space 5120K, 0% used [0x000000076cb00000,0x000000076cb00000,0x000000076d000000)
 ParOldGen       total 86016K, used 39111K [0x00000006c0000000, 0x00000006c5400000, 0x000000076ab00000)
  object space 86016K, 45% used [0x00000006c0000000,0x00000006c2631c20,0x00000006c5400000)
 Metaspace       used 6006K, capacity 7024K, committed 7296K, reserved 1056768K
  class space    used 575K, capacity 616K, committed 640K, reserved 1048576K
}

Deoptimization events (10 events):
Event: 5.657 Thread 0x000000001d901800 Uncommon trap: reason=unstable_if action=reinterpret pc=0x0000000002b2608c method=com.android.dx.rop.code.RegisterSpec.equals(ILcom/android/dx/rop/type/TypeBearer;Lcom/android/dx/rop/code/LocalItem;)Z @ 16
Event: 5.925 Thread 0x000000001d901800 Uncommon trap: reason=unstable_if action=reinterpret pc=0x0000000002b78afc method=com.android.dx.rop.code.DexTranslationAdvice.requiresSourcesInOrder(Lcom/android/dx/rop/code/Rop;Lcom/android/dx/rop/code/RegisterSpecList;)Z @ 21
Event: 5.931 Thread 0x000000001d901800 Uncommon trap: reason=class_check action=maybe_recompile pc=0x0000000002b56ce4 method=com.android.dx.ssa.NormalSsaInsn.accept(Lcom/android/dx/ssa/SsaInsn$Visitor;)V @ 9
Event: 5.931 Thread 0x000000001d901800 Uncommon trap: reason=class_check action=maybe_recompile pc=0x0000000002b56ce4 method=com.android.dx.ssa.NormalSsaInsn.accept(Lcom/android/dx/ssa/SsaInsn$Visitor;)V @ 9
Event: 5.933 Thread 0x000000001d901800 Uncommon trap: reason=class_check action=maybe_recompile pc=0x0000000002b56ce4 method=com.android.dx.ssa.NormalSsaInsn.accept(Lcom/android/dx/ssa/SsaInsn$Visitor;)V @ 9
Event: 5.933 Thread 0x000000001d901800 Uncommon trap: reason=class_check action=maybe_recompile pc=0x0000000002b56ce4 method=com.android.dx.ssa.NormalSsaInsn.accept(Lcom/android/dx/ssa/SsaInsn$Visitor;)V @ 9
Event: 6.104 Thread 0x000000001d901800 Uncommon trap: reason=unstable_if action=reinterpret pc=0x0000000002b6bce8 method=com.android.dx.ssa.InterferenceRegisterMapper.interferes(III)Z @ 69
Event: 6.174 Thread 0x000000001d899000 Uncommon trap: reason=class_check action=maybe_recompile pc=0x0000000002c58190 method=com.android.dx.ssa.SsaConverter.placePhiFunctions(Lcom/android/dx/ssa/SsaMethod;Lcom/android/dx/ssa/LocalVariableInfo;I)V @ 257
Event: 6.433 Thread 0x000000001d901800 Uncommon trap: reason=unstable_if action=reinterpret pc=0x0000000002becf80 method=com.android.dx.rop.type.Prototype.compareTo(Lcom/android/dx/rop/type/Prototype;)I @ 20
Event: 7.200 Thread 0x000000001d901800 Uncommon trap: reason=unstable_if action=reinterpret pc=0x0000000002cab2f0 method=com.android.dx.ssa.SsaRenamer$BlockRenamer.visitMoveInsn(Lcom/android/dx/ssa/NormalSsaInsn;)V @ 64

Classes redefined (0 events):
No events

Internal exceptions (2 events):
Event: 0.105 Thread 0x00000000024a2800 Exception <a 'java/lang/NoSuchMethodError': Method sun.misc.Unsafe.defineClass(Ljava/lang/String;[BII)Ljava/lang/Class; name or signature does not match> (0x000000076ab07ca8) thrown at [D:\src\AOSP-openjdk-cygwin\jdk8u\hotspot\src\share\vm\prims\jni.cpp, 
Event: 0.105 Thread 0x00000000024a2800 Exception <a 'java/lang/NoSuchMethodError': Method sun.misc.Unsafe.prefetchRead(Ljava/lang/Object;J)V name or signature does not match> (0x000000076ab07f90) thrown at [D:\src\AOSP-openjdk-cygwin\jdk8u\hotspot\src\share\vm\prims\jni.cpp, line 4011]

Events (10 events):
Event: 7.134 Thread 0x000000001d899000 DEOPT UNPACKING pc=0x00000000025e75d0 sp=0x000000001dfde660 mode 0
Event: 7.134 Thread 0x000000001d899000 DEOPT PACKING pc=0x0000000002a98ee5 sp=0x000000001dfde8c0
Event: 7.134 Thread 0x000000001d899000 DEOPT UNPACKING pc=0x00000000025e75d0 sp=0x000000001dfde660 mode 0
Event: 7.151 Thread 0x000000001d74c800 DEOPT PACKING pc=0x0000000002c923fa sp=0x000000001dedec90
Event: 7.151 Thread 0x000000001d74c800 DEOPT UNPACKING pc=0x00000000025e75d0 sp=0x000000001dedead8 mode 0
Event: 7.192 Thread 0x000000001d901800 DEOPT PACKING pc=0x00000000027b9481 sp=0x000000001e0de900
Event: 7.192 Thread 0x000000001d901800 DEOPT UNPACKING pc=0x00000000025e75d0 sp=0x000000001e0de630 mode 0
Event: 7.200 Thread 0x000000001d901800 Uncommon trap: trap_request=0xffffff65 fr.pc=0x0000000002cab2f0
Event: 7.200 Thread 0x000000001d901800 DEOPT PACKING pc=0x0000000002cab2f0 sp=0x000000001e0de7c0
Event: 7.201 Thread 0x000000001d901800 DEOPT UNPACKING pc=0x00000000025e557b sp=0x000000001e0de698 mode 2


Dynamic libraries:
0x00007ff6d1300000 - 0x00007ff6d1331000 	C:\Program Files\Android\Android Studio\jre\bin\java.exe
0x00007fff0a9e0000 - 0x00007fff0abbb000 	C:\WINDOWS\SYSTEM32\ntdll.dll
0x00007fff0a400000 - 0x00007fff0a4ae000 	C:\WINDOWS\System32\KERNEL32.DLL
0x00007fff075a0000 - 0x00007fff077e9000 	C:\WINDOWS\System32\KERNELBASE.dll
0x00007fff09de0000 - 0x00007fff09e81000 	C:\WINDOWS\System32\ADVAPI32.dll
0x00007fff09f70000 - 0x00007fff0a00d000 	C:\WINDOWS\System32\msvcrt.dll
0x00007fff09ea0000 - 0x00007fff09ef9000 	C:\WINDOWS\System32\sechost.dll
0x00007fff0a8b0000 - 0x00007fff0a9d5000 	C:\WINDOWS\System32\RPCRT4.dll
0x00007fff08410000 - 0x00007fff0855a000 	C:\WINDOWS\System32\USER32.dll
0x00007fff06fb0000 - 0x00007fff06fce000 	C:\WINDOWS\System32\win32u.dll
0x00007fff0a0b0000 - 0x00007fff0a0d7000 	C:\WINDOWS\System32\GDI32.dll
0x00007fff07210000 - 0x00007fff07398000 	C:\WINDOWS\System32\gdi32full.dll
0x00007fff073a0000 - 0x00007fff0743a000 	C:\WINDOWS\System32\msvcp_win.dll
0x00007fff07440000 - 0x00007fff07536000 	C:\WINDOWS\System32\ucrtbase.dll
0x00007ffefa090000 - 0x00007ffefa2f7000 	C:\WINDOWS\WinSxS\amd64_microsoft.windows.common-controls_6595b64144ccf1df_6.0.15063.483_none_26002d27e7c744a2\COMCTL32.dll
0x00007fff0a0e0000 - 0x00007fff0a3d9000 	C:\WINDOWS\System32\combase.dll
0x00007fff071a0000 - 0x00007fff0720a000 	C:\WINDOWS\System32\bcryptPrimitives.dll
0x00007fff09ac0000 - 0x00007fff09aed000 	C:\WINDOWS\System32\IMM32.DLL
0x000000005d060000 - 0x000000005d132000 	C:\Program Files\Android\Android Studio\jre\jre\bin\msvcr100.dll
0x000000005dc90000 - 0x000000005e4cf000 	C:\Program Files\Android\Android Studio\jre\jre\bin\server\jvm.dll
0x00007fff09ab0000 - 0x00007fff09ab8000 	C:\WINDOWS\System32\PSAPI.DLL
0x00007ffee9a20000 - 0x00007ffee9a29000 	C:\WINDOWS\SYSTEM32\WSOCK32.dll
0x00007fff09f00000 - 0x00007fff09f6c000 	C:\WINDOWS\System32\WS2_32.dll
0x00007fff05390000 - 0x00007fff053b3000 	C:\WINDOWS\SYSTEM32\WINMM.dll
0x00007ffef9cc0000 - 0x00007ffef9cca000 	C:\WINDOWS\SYSTEM32\VERSION.dll
0x00007fff05360000 - 0x00007fff0538b000 	C:\WINDOWS\SYSTEM32\WINMMBASE.dll
0x00007fff07ef0000 - 0x00007fff07f39000 	C:\WINDOWS\System32\cfgmgr32.dll
0x00007ffef3880000 - 0x00007ffef388f000 	C:\Program Files\Android\Android Studio\jre\jre\bin\verify.dll
0x00007ffeece00000 - 0x00007ffeece29000 	C:\Program Files\Android\Android Studio\jre\jre\bin\java.dll
0x00007ffee9ce0000 - 0x00007ffee9cf6000 	C:\Program Files\Android\Android Studio\jre\jre\bin\zip.dll
0x00007fff08670000 - 0x00007fff09aa7000 	C:\WINDOWS\System32\SHELL32.dll
0x00007fff0a7a0000 - 0x00007fff0a84a000 	C:\WINDOWS\System32\shcore.dll
0x00007fff077f0000 - 0x00007fff07ee2000 	C:\WINDOWS\System32\windows.storage.dll
0x00007fff0a740000 - 0x00007fff0a791000 	C:\WINDOWS\System32\shlwapi.dll
0x00007fff06e70000 - 0x00007fff06e81000 	C:\WINDOWS\System32\kernel.appcore.dll
0x00007fff06eb0000 - 0x00007fff06efc000 	C:\WINDOWS\System32\powrprof.dll
0x00007fff06e50000 - 0x00007fff06e65000 	C:\WINDOWS\System32\profapi.dll

VM Arguments:
jvm_args: -Djava.awt.headless=true -Xmx4g -Dfile.encoding=UTF-8 -Duser.country=US -Duser.language=en -Duser.variant 
java_command: com.android.dx.command.Main --dex --force-jumbo --num-threads=4 --multi-dex --output C:\Users\Rishabh\yantraandroid\yantraAndroid\app\build\intermediates\transforms\dex\debug\folders\1000\5\slice_8 C:\Users\Rishabh\yantraandroid\yantraAndroid\app\build\intermediates\transforms\instantRunSlicer\debug\folders\1\5\slice_8
java_class_path (initial): C:\Users\Rishabh\AppData\Local\Android\Sdk\build-tools\26.0.2\lib\dx.jar
Launcher Type: SUN_STANDARD

Environment Variables:
PATH=C:\ProgramData\Oracle\Java\javapath;C:\WINDOWS\system32;C:\WINDOWS;C:\WINDOWS\System32\Wbem;C:\WINDOWS\System32\WindowsPowerShell\v1.0\;C:\Program Files (x86)\Sennheiser\SoftphoneSDK\;C:\Program Files\Git\cmd;C:\Users\Rishabh\Downloads\sonar-scanner-2.6.1\bin;C:\Program Files\Java\jdk1.8.0_151;C:\Users\Rishabh\Downloads\sonarqube-6.7\bin;C:\Program Files\gradle-2.8\bin;C:\Users\Rishabh\AppData\Local\Microsoft\WindowsApps;C:\Users\Rishabh\AppData\Local\Programs\Python\Python36-32;C:\Users\Rishabh\AppData\Local\Programs\Python\Python36-32\Scripts;C:\Program Files\gradle-2.8\bin;C:\Program Files\Java\jdk1.8.0_151\bin;C:\Program Files\Java\jdk1.8.0_151\bin;
USERNAME=Rishabh
OS=Windows_NT
PROCESSOR_IDENTIFIER=Intel64 Family 6 Model 58 Stepping 9, GenuineIntel



---------------  S Y S T E M  ---------------

OS: Windows 10.0 , 64 bit Build 15063 (10.0.15063.296)

CPU:total 4 (initial active 4) (2 cores per cpu, 2 threads per core) family 6 model 58 stepping 9, cmov, cx8, fxsr, mmx, sse, sse2, sse3, ssse3, sse4.1, sse4.2, popcnt, avx, aes, clmul, erms, ht, tsc, tscinvbit, tscinv

Memory: 4k page, physical 8203160k(405824k free), swap 16327204k(12060k free)

vm_info: OpenJDK 64-Bit Server VM (25.152-b02) for windows-amd64 JRE (1.8.0_152-release-1024-b02), built by "builder" with MS VC++ 10.0 (VS2010)

time: Mon Jun 25 16:45:37 2018
elapsed time: 7 seconds (0d 0h 0m 7s)

