#
# There is insufficient memory for the Java Runtime Environment to continue.
# Native memory allocation (malloc) failed to allocate 299696 bytes for Chunk::new
# Possible reasons:
#   The system is out of physical RAM or swap space
#   In 32 bit mode, the process size limit was hit
# Possible solutions:
#   Reduce memory load on the system
#   Increase physical memory or swap space
#   Check if swap backing store is full
#   Use 64 bit Java on a 64 bit OS
#   Decrease Java heap size (-Xmx/-Xms)
#   Decrease number of Java threads
#   Decrease Java thread stack sizes (-Xss)
#   Set larger code cache with -XX:ReservedCodeCacheSize=
# This output file may be truncated or incomplete.
#
#  Out of Memory Error (allocation.cpp:390), pid=8160, tid=0x000000000000325c
#
# JRE version: OpenJDK Runtime Environment (8.0_152-b02) (build 1.8.0_152-release-1024-b02)
# Java VM: OpenJDK 64-Bit Server VM (25.152-b02 mixed mode windows-amd64 compressed oops)
# Failed to write core dump. Minidumps are not enabled by default on client versions of Windows
#

---------------  T H R E A D  ---------------

Current thread (0x000000001bace000):  JavaThread "C2 CompilerThread0" daemon [_thread_in_native, id=12892, stack(0x000000001d110000,0x000000001d210000)]

Stack: [0x000000001d110000,0x000000001d210000]
[error occurred during error reporting (printing stack bounds), id 0xc0000005]

Native frames: (J=compiled Java code, j=interpreted, Vv=VM code, C=native code)


Current CompileTask:
C2:   2790 1002   !   4       com.android.dx.cf.cst.ConstantPoolParser::parse0 (1008 bytes)


---------------  P R O C E S S  ---------------

Java Threads: ( => current thread )
  0x000000001d5b9000 JavaThread "pool-2-thread-4" [_thread_in_vm, id=196, stack(0x000000001de10000,0x000000001df10000)]
  0x000000001d4c8800 JavaThread "pool-2-thread-3" [_thread_in_Java, id=11144, stack(0x000000001dd10000,0x000000001de10000)]
  0x000000001d47c000 JavaThread "pool-2-thread-2" [_thread_in_Java, id=15640, stack(0x000000001dc10000,0x000000001dd10000)]
  0x000000001d479000 JavaThread "pool-3-thread-1" [_thread_blocked, id=12732, stack(0x000000001db10000,0x000000001dc10000)]
  0x000000001d478800 JavaThread "pool-2-thread-1" [_thread_blocked, id=12876, stack(0x000000001da10000,0x000000001db10000)]
  0x000000001d316000 JavaThread "Service Thread" daemon [_thread_blocked, id=4932, stack(0x000000001d810000,0x000000001d910000)]
  0x000000001d311000 JavaThread "C1 CompilerThread2" daemon [_thread_blocked, id=19248, stack(0x000000001d710000,0x000000001d810000)]
  0x000000001bb2a000 JavaThread "C2 CompilerThread1" daemon [_thread_in_native, id=14976, stack(0x000000001d210000,0x000000001d310000)]
=>0x000000001bace000 JavaThread "C2 CompilerThread0" daemon [_thread_in_native, id=12892, stack(0x000000001d110000,0x000000001d210000)]
  0x000000001badb000 JavaThread "Attach Listener" daemon [_thread_blocked, id=12884, stack(0x000000001d010000,0x000000001d110000)]
  0x000000001bad9800 JavaThread "Signal Dispatcher" daemon [_thread_blocked, id=5500, stack(0x000000001cf10000,0x000000001d010000)]
  0x00000000023f6800 JavaThread "Finalizer" daemon [_thread_blocked, id=12940, stack(0x000000001cd20000,0x000000001ce20000)]
  0x00000000023f1800 JavaThread "Reference Handler" daemon [_thread_blocked, id=10432, stack(0x000000001cc20000,0x000000001cd20000)]
  0x0000000002302800 JavaThread "main" [_thread_in_native, id=8188, stack(0x0000000002020000,0x0000000002120000)]

Other Threads:
  0x000000001ba95800 VMThread [stack: 0x000000001cb20000,0x000000001cc20000] [id=1400]
  0x000000001d317000 WatcherThread [stack: 0x000000001d910000,0x000000001da10000] [id=2700]

VM state:not at safepoint (normal execution)

VM Mutex/Monitor currently owned by a thread:  ([mutex/lock_event])
[0x00000000023019d0] MethodCompileQueue_lock - owner thread: 0x000000001d5b9000

Heap:
 PSYoungGen      total 37888K, used 25164K [0x000000076ab00000, 0x000000076d500000, 0x00000007c0000000)
  eden space 32768K, 76% used [0x000000076ab00000,0x000000076c393188,0x000000076cb00000)
  from space 5120K, 0% used [0x000000076d000000,0x000000076d000000,0x000000076d500000)
  to   space 5120K, 0% used [0x000000076cb00000,0x000000076cb00000,0x000000076d000000)
 ParOldGen       total 86016K, used 0K [0x00000006c0000000, 0x00000006c5400000, 0x000000076ab00000)
  object space 86016K, 0% used [0x00000006c0000000,0x00000006c0000000,0x00000006c5400000)
 Metaspace       used 5766K, capacity 6832K, committed 7040K, reserved 1056768K
  class space    used 569K, capacity 616K, committed 640K, reserved 1048576K

Card table byte_map: [0x00000000117c0000,0x0000000011fd0000] byte_map_base: 0x000000000e1c0000

Marking Bits: (ParMarkBitMap*) 0x000000005e454970
 Begin Bits: [0x0000000012930000, 0x0000000016930000)
 End Bits:   [0x0000000016930000, 0x000000001a930000)

Polling page: 0x00000000001f0000

CodeCache: size=245760Kb used=4201Kb max_used=4201Kb free=241558Kb
 bounds [0x0000000002400000, 0x0000000002820000, 0x0000000011400000]
 total_blobs=1294 nmethods=1032 adapters=176
 compilation: enabled

Compilation events (10 events):
Event: 2.776 Thread 0x000000001d311000 1035       3       com.android.dx.rop.code.DexTranslationAdvice::hasConstantOperation (163 bytes)
Event: 2.777 Thread 0x000000001d311000 nmethod 1035 0x0000000002818f90 code [0x00000000028191e0, 0x000000000281aa78]
Event: 2.777 Thread 0x000000001d311000 1043       3       com.android.dx.cf.code.BasicBlocker::visitLocal (34 bytes)
Event: 2.778 Thread 0x000000001d311000 nmethod 1043 0x000000000281af90 code [0x000000000281b140, 0x000000000281b788]
Event: 2.778 Thread 0x000000001d311000 1045       3       java.util.TreeMap::getFirstEntry (26 bytes)
Event: 2.779 Thread 0x000000001d311000 nmethod 1045 0x000000000281bd50 code [0x000000000281bec0, 0x000000000281c110]
Event: 2.779 Thread 0x000000001d311000 1044       3       java.util.TreeMap$Values::iterator (19 bytes)
Event: 2.779 Thread 0x000000001d311000 nmethod 1044 0x000000000281c1d0 code [0x000000000281c360, 0x000000000281c870]
Event: 2.779 Thread 0x000000001d311000 1046       3       java.util.TreeMap$PrivateEntryIterator::<init> (28 bytes)
Event: 2.779 Thread 0x000000001d311000 nmethod 1046 0x000000000281cad0 code [0x000000000281cc40, 0x000000000281ce50]

GC Heap History (0 events):
No events

Deoptimization events (1 events):
Event: 2.239 Thread 0x0000000002302800 Uncommon trap: reason=unstable_if action=reinterpret pc=0x00000000026121b0 method=java.util.HashMap.getNode(ILjava/lang/Object;)Ljava/util/HashMap$Node; @ 129

Classes redefined (0 events):
No events

Internal exceptions (2 events):
Event: 0.151 Thread 0x0000000002302800 Exception <a 'java/lang/NoSuchMethodError': Method sun.misc.Unsafe.defineClass(Ljava/lang/String;[BII)Ljava/lang/Class; name or signature does not match> (0x000000076ab07ca8) thrown at [D:\src\AOSP-openjdk-cygwin\jdk8u\hotspot\src\share\vm\prims\jni.cpp, 
Event: 0.151 Thread 0x0000000002302800 Exception <a 'java/lang/NoSuchMethodError': Method sun.misc.Unsafe.prefetchRead(Ljava/lang/Object;J)V name or signature does not match> (0x000000076ab07f90) thrown at [D:\src\AOSP-openjdk-cygwin\jdk8u\hotspot\src\share\vm\prims\jni.cpp, line 4011]

Events (10 events):
Event: 2.231 loading class com/android/dx/ssa/back/FirstFitLocalCombiningAllocator$Multiset done
Event: 2.236 loading class java/util/DualPivotQuicksort
Event: 2.236 loading class java/util/DualPivotQuicksort done
Event: 2.239 Thread 0x0000000002302800 Uncommon trap: trap_request=0xffffff65 fr.pc=0x00000000026121b0
Event: 2.239 Thread 0x0000000002302800 DEOPT PACKING pc=0x00000000026121b0 sp=0x000000000211dd40
Event: 2.239 Thread 0x0000000002302800 DEOPT UNPACKING pc=0x000000000244557b sp=0x000000000211dcc8 mode 2
Event: 2.469 loading class com/android/dx/cf/code/BytecodeArray$ConstantParserVisitor
Event: 2.469 loading class com/android/dx/cf/code/BytecodeArray$ConstantParserVisitor done
Event: 2.470 Executing VM operation: ForceSafepoint
Event: 2.626 Executing VM operation: ForceSafepoint done


Dynamic libraries:
0x00007ff6d1300000 - 0x00007ff6d1331000 	C:\Program Files\Android\Android Studio\jre\bin\java.exe
0x00007fff0a9e0000 - 0x00007fff0abbb000 	C:\WINDOWS\SYSTEM32\ntdll.dll
0x00007fff0a400000 - 0x00007fff0a4ae000 	C:\WINDOWS\System32\KERNEL32.DLL
0x00007fff075a0000 - 0x00007fff077e9000 	C:\WINDOWS\System32\KERNELBASE.dll
0x00007fff09de0000 - 0x00007fff09e81000 	C:\WINDOWS\System32\ADVAPI32.dll
0x00007fff09f70000 - 0x00007fff0a00d000 	C:\WINDOWS\System32\msvcrt.dll
0x00007fff09ea0000 - 0x00007fff09ef9000 	C:\WINDOWS\System32\sechost.dll
0x00007fff0a8b0000 - 0x00007fff0a9d5000 	C:\WINDOWS\System32\RPCRT4.dll
0x00007fff08410000 - 0x00007fff0855a000 	C:\WINDOWS\System32\USER32.dll
0x00007fff06fb0000 - 0x00007fff06fce000 	C:\WINDOWS\System32\win32u.dll
0x00007fff0a0b0000 - 0x00007fff0a0d7000 	C:\WINDOWS\System32\GDI32.dll
0x00007fff07210000 - 0x00007fff07398000 	C:\WINDOWS\System32\gdi32full.dll
0x00007fff073a0000 - 0x00007fff0743a000 	C:\WINDOWS\System32\msvcp_win.dll
0x00007fff07440000 - 0x00007fff07536000 	C:\WINDOWS\System32\ucrtbase.dll
0x00007ffefa090000 - 0x00007ffefa2f7000 	C:\WINDOWS\WinSxS\amd64_microsoft.windows.common-controls_6595b64144ccf1df_6.0.15063.483_none_26002d27e7c744a2\COMCTL32.dll
0x00007fff0a0e0000 - 0x00007fff0a3d9000 	C:\WINDOWS\System32\combase.dll
0x00007fff071a0000 - 0x00007fff0720a000 	C:\WINDOWS\System32\bcryptPrimitives.dll
0x00007fff09ac0000 - 0x00007fff09aed000 	C:\WINDOWS\System32\IMM32.DLL
0x000000005d060000 - 0x000000005d132000 	C:\Program Files\Android\Android Studio\jre\jre\bin\msvcr100.dll
0x000000005dc90000 - 0x000000005e4cf000 	C:\Program Files\Android\Android Studio\jre\jre\bin\server\jvm.dll
0x00007fff09ab0000 - 0x00007fff09ab8000 	C:\WINDOWS\System32\PSAPI.DLL
0x00007ffee9a20000 - 0x00007ffee9a29000 	C:\WINDOWS\SYSTEM32\WSOCK32.dll
0x00007fff09f00000 - 0x00007fff09f6c000 	C:\WINDOWS\System32\WS2_32.dll
0x00007fff05390000 - 0x00007fff053b3000 	C:\WINDOWS\SYSTEM32\WINMM.dll
0x00007ffef9cc0000 - 0x00007ffef9cca000 	C:\WINDOWS\SYSTEM32\VERSION.dll
0x00007fff05360000 - 0x00007fff0538b000 	C:\WINDOWS\SYSTEM32\WINMMBASE.dll
0x00007fff07ef0000 - 0x00007fff07f39000 	C:\WINDOWS\System32\cfgmgr32.dll
0x00007ffef3880000 - 0x00007ffef388f000 	C:\Program Files\Android\Android Studio\jre\jre\bin\verify.dll
0x00007ffeece00000 - 0x00007ffeece29000 	C:\Program Files\Android\Android Studio\jre\jre\bin\java.dll
0x00007ffee9ce0000 - 0x00007ffee9cf6000 	C:\Program Files\Android\Android Studio\jre\jre\bin\zip.dll
0x00007fff08670000 - 0x00007fff09aa7000 	C:\WINDOWS\System32\SHELL32.dll
0x00007fff0a7a0000 - 0x00007fff0a84a000 	C:\WINDOWS\System32\shcore.dll
0x00007fff077f0000 - 0x00007fff07ee2000 	C:\WINDOWS\System32\windows.storage.dll
0x00007fff0a740000 - 0x00007fff0a791000 	C:\WINDOWS\System32\shlwapi.dll
0x00007fff06e70000 - 0x00007fff06e81000 	C:\WINDOWS\System32\kernel.appcore.dll
0x00007fff06eb0000 - 0x00007fff06efc000 	C:\WINDOWS\System32\powrprof.dll
0x00007fff06e50000 - 0x00007fff06e65000 	C:\WINDOWS\System32\profapi.dll

VM Arguments:
jvm_args: -Djava.awt.headless=true -Xmx4g -Dfile.encoding=UTF-8 -Duser.country=US -Duser.language=en -Duser.variant 
java_command: com.android.dx.command.Main --dex --force-jumbo --num-threads=4 --multi-dex --output C:\Users\Rishabh\yantraandroid\yantraAndroid\app\build\intermediates\transforms\dex\debug\folders\1000\5\slice_3 C:\Users\Rishabh\yantraandroid\yantraAndroid\app\build\intermediates\transforms\instantRunSlicer\debug\folders\1\5\slice_3
java_class_path (initial): C:\Users\Rishabh\AppData\Local\Android\Sdk\build-tools\26.0.2\lib\dx.jar
Launcher Type: SUN_STANDARD

Environment Variables:
PATH=C:\ProgramData\Oracle\Java\javapath;C:\WINDOWS\system32;C:\WINDOWS;C:\WINDOWS\System32\Wbem;C:\WINDOWS\System32\WindowsPowerShell\v1.0\;C:\Program Files (x86)\Sennheiser\SoftphoneSDK\;C:\Program Files\Git\cmd;C:\Users\Rishabh\Downloads\sonar-scanner-2.6.1\bin;C:\Program Files\Java\jdk1.8.0_151;C:\Users\Rishabh\Downloads\sonarqube-6.7\bin;C:\Program Files\gradle-2.8\bin;C:\Users\Rishabh\AppData\Local\Microsoft\WindowsApps;C:\Users\Rishabh\AppData\Local\Programs\Python\Python36-32;C:\Users\Rishabh\AppData\Local\Programs\Python\Python36-32\Scripts;C:\Program Files\gradle-2.8\bin;C:\Program Files\Java\jdk1.8.0_151\bin;C:\Program Files\Java\jdk1.8.0_151\bin;
USERNAME=Rishabh
OS=Windows_NT
PROCESSOR_IDENTIFIER=Intel64 Family 6 Model 58 Stepping 9, GenuineIntel



---------------  S Y S T E M  ---------------

OS: Windows 10.0 , 64 bit Build 15063 (10.0.15063.296)

CPU:total 4 (initial active 4) (2 cores per cpu, 2 threads per core) family 6 model 58 stepping 9, cmov, cx8, fxsr, mmx, sse, sse2, sse3, ssse3, sse4.1, sse4.2, popcnt, avx, aes, clmul, erms, ht, tsc, tscinvbit, tscinv

Memory: 4k page, physical 8203160k(560612k free), swap 16327204k(0k free)

vm_info: OpenJDK 64-Bit Server VM (25.152-b02) for windows-amd64 JRE (1.8.0_152-release-1024-b02), built by "builder" with MS VC++ 10.0 (VS2010)

time: Mon Jun 25 16:45:45 2018
elapsed time: 2 seconds (0d 0h 0m 2s)

