#
# There is insufficient memory for the Java Runtime Environment to continue.
# Native memory allocation (malloc) failed to allocate 1202560 bytes for Chunk::new
# Possible reasons:
#   The system is out of physical RAM or swap space
#   In 32 bit mode, the process size limit was hit
# Possible solutions:
#   Reduce memory load on the system
#   Increase physical memory or swap space
#   Check if swap backing store is full
#   Use 64 bit Java on a 64 bit OS
#   Decrease Java heap size (-Xmx/-Xms)
#   Decrease number of Java threads
#   Decrease Java thread stack sizes (-Xss)
#   Set larger code cache with -XX:ReservedCodeCacheSize=
# This output file may be truncated or incomplete.
#
#  Out of Memory Error (allocation.cpp:390), pid=19300, tid=0x0000000000002c40
#
# JRE version: OpenJDK Runtime Environment (8.0_152-b02) (build 1.8.0_152-release-1024-b02)
# Java VM: OpenJDK 64-Bit Server VM (25.152-b02 mixed mode windows-amd64 compressed oops)
# Failed to write core dump. Minidumps are not enabled by default on client versions of Windows
#

---------------  T H R E A D  ---------------

Current thread (0x00000000025be000):  JavaThread "C2 CompilerThread1" daemon [_thread_in_native, id=11328, stack(0x000000001d4a0000,0x000000001d5a0000)]

Stack: [0x000000001d4a0000,0x000000001d5a0000]
[error occurred during error reporting (printing stack bounds), id 0xc0000005]

Native frames: (J=compiled Java code, j=interpreted, Vv=VM code, C=native code)


Current CompileTask:
C2:  18130 1702 %     4       com.android.dx.ssa.SCCP::run @ 93 (298 bytes)


---------------  P R O C E S S  ---------------

Java Threads: ( => current thread )
  0x000000001d8f3800 JavaThread "pool-2-thread-4" [_thread_blocked, id=7044, stack(0x000000001e0a0000,0x000000001e1a0000)]
  0x000000001d8c6000 JavaThread "pool-2-thread-3" [_thread_blocked, id=11964, stack(0x000000001dfa0000,0x000000001e0a0000)]
  0x000000001d732000 JavaThread "pool-2-thread-2" [_thread_blocked, id=18548, stack(0x000000001dea0000,0x000000001dfa0000)]
  0x000000001d70f800 JavaThread "pool-3-thread-1" [_thread_blocked, id=3760, stack(0x000000001dda0000,0x000000001dea0000)]
  0x000000001d70b000 JavaThread "pool-2-thread-1" [_thread_blocked, id=19164, stack(0x000000001dca0000,0x000000001dda0000)]
  0x000000001d5a6000 JavaThread "Service Thread" daemon [_thread_blocked, id=19328, stack(0x000000001daa0000,0x000000001dba0000)]
  0x000000001d5a1000 JavaThread "C1 CompilerThread2" daemon [_thread_blocked, id=14372, stack(0x000000001d9a0000,0x000000001daa0000)]
=>0x00000000025be000 JavaThread "C2 CompilerThread1" daemon [_thread_in_native, id=11328, stack(0x000000001d4a0000,0x000000001d5a0000)]
  0x000000001bd4e000 JavaThread "C2 CompilerThread0" daemon [_thread_in_native, id=4528, stack(0x000000001d3a0000,0x000000001d4a0000)]
  0x000000001bd5a800 JavaThread "Attach Listener" daemon [_thread_blocked, id=14260, stack(0x000000001d2a0000,0x000000001d3a0000)]
  0x000000001bd59800 JavaThread "Signal Dispatcher" daemon [_thread_blocked, id=19004, stack(0x000000001d1a0000,0x000000001d2a0000)]
  0x00000000025b6800 JavaThread "Finalizer" daemon [_thread_blocked, id=18512, stack(0x000000001cfb0000,0x000000001d0b0000)]
  0x00000000025b1800 JavaThread "Reference Handler" daemon [_thread_blocked, id=14136, stack(0x000000001ceb0000,0x000000001cfb0000)]
  0x00000000024c2800 JavaThread "main" [_thread_in_native, id=18164, stack(0x0000000002350000,0x0000000002450000)]

Other Threads:
  0x000000001bd16000 VMThread [stack: 0x000000001cdb0000,0x000000001ceb0000] [id=18568]
  0x000000001d5a7000 WatcherThread [stack: 0x000000001dba0000,0x000000001dca0000] [id=2504]

VM state:not at safepoint (normal execution)

VM Mutex/Monitor currently owned by a thread: None

Heap:
 PSYoungGen      total 37888K, used 14474K [0x000000076ab00000, 0x000000076f500000, 0x00000007c0000000)
  eden space 32768K, 28% used [0x000000076ab00000,0x000000076b429cb8,0x000000076cb00000)
  from space 5120K, 99% used [0x000000076cb00000,0x000000076cff8d70,0x000000076d000000)
  to   space 5120K, 0% used [0x000000076f000000,0x000000076f000000,0x000000076f500000)
 ParOldGen       total 86016K, used 11912K [0x00000006c0000000, 0x00000006c5400000, 0x000000076ab00000)
  object space 86016K, 13% used [0x00000006c0000000,0x00000006c0ba2220,0x00000006c5400000)
 Metaspace       used 6042K, capacity 7088K, committed 7296K, reserved 1056768K
  class space    used 575K, capacity 616K, committed 640K, reserved 1048576K

Card table byte_map: [0x0000000011a40000,0x0000000012250000] byte_map_base: 0x000000000e440000

Marking Bits: (ParMarkBitMap*) 0x000000005e454970
 Begin Bits: [0x0000000012bb0000, 0x0000000016bb0000)
 End Bits:   [0x0000000016bb0000, 0x000000001abb0000)

Polling page: 0x0000000000810000

CodeCache: size=245760Kb used=6834Kb max_used=8018Kb free=238925Kb
 bounds [0x0000000002680000, 0x0000000002e90000, 0x0000000011680000]
 total_blobs=1647 nmethods=1383 adapters=177
 compilation: enabled

Compilation events (10 events):
Event: 17.911 Thread 0x000000001bd4e000 nmethod 1723 0x000000000284a390 code [0x000000000284a840, 0x000000000284b830]
Event: 17.911 Thread 0x000000001bd4e000 1725       4       com.android.dx.ssa.SsaConverter::placePhiFunctions (394 bytes)
Event: 18.004 Thread 0x000000001d5a1000 1727   !   3       com.android.dx.cf.cst.ConstantPoolParser::parse0 (1008 bytes)
Event: 18.014 Thread 0x000000001d5a1000 nmethod 1727 0x0000000002916d90 code [0x00000000029179a0, 0x0000000002920098]
Event: 18.014 Thread 0x000000001d5a1000 1728       3       com.android.dx.ssa.SsaMethod::makeNewGotoBlock (52 bytes)
Event: 18.016 Thread 0x000000001d5a1000 nmethod 1728 0x000000000287d050 code [0x000000000287d2a0, 0x000000000287e108]
Event: 18.016 Thread 0x000000001d5a1000 1729       3       com.android.dx.ssa.SsaMethod::getGoto (26 bytes)
Event: 18.017 Thread 0x000000001d5a1000 nmethod 1729 0x00000000029c0150 code [0x00000000029c0300, 0x00000000029c0878]
Event: 18.020 Thread 0x000000001d5a1000 1732       3       com.android.dx.cf.code.SwitchList::setDefaultTarget (51 bytes)
Event: 18.020 Thread 0x000000001d5a1000 nmethod 1732 0x00000000029acbd0 code [0x00000000029acda0, 0x00000000029ad418]

GC Heap History (6 events):
Event: 5.852 GC heap before
{Heap before GC invocations=1 (full 0):
 PSYoungGen      total 37888K, used 32768K [0x000000076ab00000, 0x000000076d500000, 0x00000007c0000000)
  eden space 32768K, 100% used [0x000000076ab00000,0x000000076cb00000,0x000000076cb00000)
  from space 5120K, 0% used [0x000000076d000000,0x000000076d000000,0x000000076d500000)
  to   space 5120K, 0% used [0x000000076cb00000,0x000000076cb00000,0x000000076d000000)
 ParOldGen       total 86016K, used 0K [0x00000006c0000000, 0x00000006c5400000, 0x000000076ab00000)
  object space 86016K, 0% used [0x00000006c0000000,0x00000006c0000000,0x00000006c5400000)
 Metaspace       used 5855K, capacity 6960K, committed 7040K, reserved 1056768K
  class space    used 569K, capacity 616K, committed 640K, reserved 1048576K
Event: 5.927 GC heap after
Heap after GC invocations=1 (full 0):
 PSYoungGen      total 37888K, used 5088K [0x000000076ab00000, 0x000000076f500000, 0x00000007c0000000)
  eden space 32768K, 0% used [0x000000076ab00000,0x000000076ab00000,0x000000076cb00000)
  from space 5120K, 99% used [0x000000076cb00000,0x000000076cff8058,0x000000076d000000)
  to   space 5120K, 0% used [0x000000076f000000,0x000000076f000000,0x000000076f500000)
 ParOldGen       total 86016K, used 1404K [0x00000006c0000000, 0x00000006c5400000, 0x000000076ab00000)
  object space 86016K, 1% used [0x00000006c0000000,0x00000006c015f2c0,0x00000006c5400000)
 Metaspace       used 5855K, capacity 6960K, committed 7040K, reserved 1056768K
  class space    used 569K, capacity 616K, committed 640K, reserved 1048576K
}
Event: 14.320 GC heap before
{Heap before GC invocations=2 (full 0):
 PSYoungGen      total 37888K, used 37856K [0x000000076ab00000, 0x000000076f500000, 0x00000007c0000000)
  eden space 32768K, 100% used [0x000000076ab00000,0x000000076cb00000,0x000000076cb00000)
  from space 5120K, 99% used [0x000000076cb00000,0x000000076cff8058,0x000000076d000000)
  to   space 5120K, 0% used [0x000000076f000000,0x000000076f000000,0x000000076f500000)
 ParOldGen       total 86016K, used 1404K [0x00000006c0000000, 0x00000006c5400000, 0x000000076ab00000)
  object space 86016K, 1% used [0x00000006c0000000,0x00000006c015f2c0,0x00000006c5400000)
 Metaspace       used 6006K, capacity 7024K, committed 7296K, reserved 1056768K
  class space    used 572K, capacity 616K, committed 640K, reserved 1048576K
Event: 14.346 GC heap after
Heap after GC invocations=2 (full 0):
 PSYoungGen      total 37888K, used 5101K [0x000000076ab00000, 0x000000076f500000, 0x00000007c0000000)
  eden space 32768K, 0% used [0x000000076ab00000,0x000000076ab00000,0x000000076cb00000)
  from space 5120K, 99% used [0x000000076f000000,0x000000076f4fb640,0x000000076f500000)
  to   space 5120K, 0% used [0x000000076cb00000,0x000000076cb00000,0x000000076d000000)
 ParOldGen       total 86016K, used 6819K [0x00000006c0000000, 0x00000006c5400000, 0x000000076ab00000)
  object space 86016K, 7% used [0x00000006c0000000,0x00000006c06a8cc8,0x00000006c5400000)
 Metaspace       used 6006K, capacity 7024K, committed 7296K, reserved 1056768K
  class space    used 572K, capacity 616K, committed 640K, reserved 1048576K
}
Event: 17.353 GC heap before
{Heap before GC invocations=3 (full 0):
 PSYoungGen      total 37888K, used 37869K [0x000000076ab00000, 0x000000076f500000, 0x00000007c0000000)
  eden space 32768K, 100% used [0x000000076ab00000,0x000000076cb00000,0x000000076cb00000)
  from space 5120K, 99% used [0x000000076f000000,0x000000076f4fb640,0x000000076f500000)
  to   space 5120K, 0% used [0x000000076cb00000,0x000000076cb00000,0x000000076d000000)
 ParOldGen       total 86016K, used 6819K [0x00000006c0000000, 0x00000006c5400000, 0x000000076ab00000)
  object space 86016K, 7% used [0x00000006c0000000,0x00000006c06a8cc8,0x00000006c5400000)
 Metaspace       used 6039K, capacity 7088K, committed 7296K, reserved 1056768K
  class space    used 575K, capacity 616K, committed 640K, reserved 1048576K
Event: 17.409 GC heap after
Heap after GC invocations=3 (full 0):
 PSYoungGen      total 37888K, used 5091K [0x000000076ab00000, 0x000000076f500000, 0x00000007c0000000)
  eden space 32768K, 0% used [0x000000076ab00000,0x000000076ab00000,0x000000076cb00000)
  from space 5120K, 99% used [0x000000076cb00000,0x000000076cff8d70,0x000000076d000000)
  to   space 5120K, 0% used [0x000000076f000000,0x000000076f000000,0x000000076f500000)
 ParOldGen       total 86016K, used 11912K [0x00000006c0000000, 0x00000006c5400000, 0x000000076ab00000)
  object space 86016K, 13% used [0x00000006c0000000,0x00000006c0ba2220,0x00000006c5400000)
 Metaspace       used 6039K, capacity 7088K, committed 7296K, reserved 1056768K
  class space    used 575K, capacity 616K, committed 640K, reserved 1048576K
}

Deoptimization events (10 events):
Event: 15.782 Thread 0x000000001d732000 Uncommon trap: reason=unstable_if action=reinterpret pc=0x0000000002c30240 method=com.android.dx.util.IntList.binarysearch(I)I @ 26
Event: 15.783 Thread 0x000000001d732000 Uncommon trap: reason=unstable_if action=reinterpret pc=0x0000000002c95004 method=com.android.dx.dex.code.RopTranslator.outputBlock(Lcom/android/dx/rop/code/BasicBlock;I)V @ 132
Event: 15.784 Thread 0x000000001d732000 Uncommon trap: reason=class_check action=maybe_recompile pc=0x0000000002d143e8 method=com.android.dx.ssa.NormalSsaInsn.accept(Lcom/android/dx/ssa/SsaInsn$Visitor;)V @ 9
Event: 16.701 Thread 0x000000001d732000 Uncommon trap: reason=unstable_if action=reinterpret pc=0x00000000027e5618 method=com.android.dx.cf.code.RopperMachine.run(Lcom/android/dx/cf/code/Frame;II)V @ 1046
Event: 16.703 Thread 0x000000001d732000 Uncommon trap: reason=unstable_if action=reinterpret pc=0x0000000002d4ee00 method=com.android.dx.dex.code.RopTranslator.getRegs(Lcom/android/dx/rop/code/Insn;Lcom/android/dx/rop/code/RegisterSpec;)Lcom/android/dx/rop/code/RegisterSpecList; @ 12
Event: 18.003 Thread 0x00000000024c2800 Uncommon trap: reason=unloaded action=reinterpret pc=0x0000000002ac50bc method=com.android.dx.cf.cst.ConstantPoolParser.parse0(ILjava/util/BitSet;)Lcom/android/dx/rop/cst/Constant; @ 176
Event: 18.010 Thread 0x000000001d8c6000 Uncommon trap: reason=class_check action=maybe_recompile pc=0x0000000002de8ad4 method=com.android.dx.rop.cst.CstLiteral32.equals(Ljava/lang/Object;)Z @ 20
Event: 18.011 Thread 0x000000001d8c6000 Uncommon trap: reason=class_check action=maybe_recompile pc=0x0000000002de8ad4 method=com.android.dx.rop.cst.CstLiteral32.equals(Ljava/lang/Object;)Z @ 20
Event: 18.011 Thread 0x000000001d8c6000 Uncommon trap: reason=class_check action=maybe_recompile pc=0x0000000002de8ad4 method=com.android.dx.rop.cst.CstLiteral32.equals(Ljava/lang/Object;)Z @ 20
Event: 18.011 Thread 0x000000001d8c6000 Uncommon trap: reason=class_check action=maybe_recompile pc=0x0000000002de8ad4 method=com.android.dx.rop.cst.CstLiteral32.equals(Ljava/lang/Object;)Z @ 20

Classes redefined (0 events):
No events

Internal exceptions (2 events):
Event: 0.063 Thread 0x00000000024c2800 Exception <a 'java/lang/NoSuchMethodError': Method sun.misc.Unsafe.defineClass(Ljava/lang/String;[BII)Ljava/lang/Class; name or signature does not match> (0x000000076ab07ca8) thrown at [D:\src\AOSP-openjdk-cygwin\jdk8u\hotspot\src\share\vm\prims\jni.cpp, 
Event: 0.063 Thread 0x00000000024c2800 Exception <a 'java/lang/NoSuchMethodError': Method sun.misc.Unsafe.prefetchRead(Ljava/lang/Object;J)V name or signature does not match> (0x000000076ab07f90) thrown at [D:\src\AOSP-openjdk-cygwin\jdk8u\hotspot\src\share\vm\prims\jni.cpp, line 4011]

Events (10 events):
Event: 18.017 Thread 0x000000001d5a1000 flushing nmethod 0x0000000002b8bc10
Event: 18.017 Thread 0x000000001d5a1000 flushing nmethod 0x0000000002b9ba50
Event: 18.020 Thread 0x000000001d5a1000 flushing nmethod 0x0000000002bb4b90
Event: 18.020 Thread 0x000000001d5a1000 flushing nmethod 0x0000000002bd1650
Event: 18.020 Thread 0x000000001d5a1000 flushing nmethod 0x0000000002bd2150
Event: 18.020 Thread 0x000000001d5a1000 flushing nmethod 0x0000000002bd9390
Event: 18.020 Thread 0x000000001d5a1000 flushing nmethod 0x0000000002bddbd0
Event: 18.020 Thread 0x000000001d5a1000 flushing nmethod 0x0000000002be6490
Event: 18.020 Thread 0x000000001d5a1000 flushing nmethod 0x0000000002bfb350
Event: 18.020 Thread 0x000000001d5a1000 flushing nmethod 0x0000000002c0aed0


Dynamic libraries:
0x00007ff6d1300000 - 0x00007ff6d1331000 	C:\Program Files\Android\Android Studio\jre\bin\java.exe
0x00007fff0a9e0000 - 0x00007fff0abbb000 	C:\WINDOWS\SYSTEM32\ntdll.dll
0x00007fff0a400000 - 0x00007fff0a4ae000 	C:\WINDOWS\System32\KERNEL32.DLL
0x00007fff075a0000 - 0x00007fff077e9000 	C:\WINDOWS\System32\KERNELBASE.dll
0x00007fff09de0000 - 0x00007fff09e81000 	C:\WINDOWS\System32\ADVAPI32.dll
0x00007fff09f70000 - 0x00007fff0a00d000 	C:\WINDOWS\System32\msvcrt.dll
0x00007fff09ea0000 - 0x00007fff09ef9000 	C:\WINDOWS\System32\sechost.dll
0x00007fff0a8b0000 - 0x00007fff0a9d5000 	C:\WINDOWS\System32\RPCRT4.dll
0x00007fff08410000 - 0x00007fff0855a000 	C:\WINDOWS\System32\USER32.dll
0x00007fff06fb0000 - 0x00007fff06fce000 	C:\WINDOWS\System32\win32u.dll
0x00007fff0a0b0000 - 0x00007fff0a0d7000 	C:\WINDOWS\System32\GDI32.dll
0x00007fff07210000 - 0x00007fff07398000 	C:\WINDOWS\System32\gdi32full.dll
0x00007fff073a0000 - 0x00007fff0743a000 	C:\WINDOWS\System32\msvcp_win.dll
0x00007fff07440000 - 0x00007fff07536000 	C:\WINDOWS\System32\ucrtbase.dll
0x00007ffefa090000 - 0x00007ffefa2f7000 	C:\WINDOWS\WinSxS\amd64_microsoft.windows.common-controls_6595b64144ccf1df_6.0.15063.483_none_26002d27e7c744a2\COMCTL32.dll
0x00007fff0a0e0000 - 0x00007fff0a3d9000 	C:\WINDOWS\System32\combase.dll
0x00007fff071a0000 - 0x00007fff0720a000 	C:\WINDOWS\System32\bcryptPrimitives.dll
0x00007fff09ac0000 - 0x00007fff09aed000 	C:\WINDOWS\System32\IMM32.DLL
0x000000005d060000 - 0x000000005d132000 	C:\Program Files\Android\Android Studio\jre\jre\bin\msvcr100.dll
0x000000005dc90000 - 0x000000005e4cf000 	C:\Program Files\Android\Android Studio\jre\jre\bin\server\jvm.dll
0x00007fff09ab0000 - 0x00007fff09ab8000 	C:\WINDOWS\System32\PSAPI.DLL
0x00007ffee9a20000 - 0x00007ffee9a29000 	C:\WINDOWS\SYSTEM32\WSOCK32.dll
0x00007fff09f00000 - 0x00007fff09f6c000 	C:\WINDOWS\System32\WS2_32.dll
0x00007fff05390000 - 0x00007fff053b3000 	C:\WINDOWS\SYSTEM32\WINMM.dll
0x00007ffef9cc0000 - 0x00007ffef9cca000 	C:\WINDOWS\SYSTEM32\VERSION.dll
0x00007fff05360000 - 0x00007fff0538b000 	C:\WINDOWS\SYSTEM32\WINMMBASE.dll
0x00007fff07ef0000 - 0x00007fff07f39000 	C:\WINDOWS\System32\cfgmgr32.dll
0x00007ffef3880000 - 0x00007ffef388f000 	C:\Program Files\Android\Android Studio\jre\jre\bin\verify.dll
0x00007ffeece00000 - 0x00007ffeece29000 	C:\Program Files\Android\Android Studio\jre\jre\bin\java.dll
0x00007ffee9ce0000 - 0x00007ffee9cf6000 	C:\Program Files\Android\Android Studio\jre\jre\bin\zip.dll
0x00007fff08670000 - 0x00007fff09aa7000 	C:\WINDOWS\System32\SHELL32.dll
0x00007fff0a7a0000 - 0x00007fff0a84a000 	C:\WINDOWS\System32\shcore.dll
0x00007fff077f0000 - 0x00007fff07ee2000 	C:\WINDOWS\System32\windows.storage.dll
0x00007fff0a740000 - 0x00007fff0a791000 	C:\WINDOWS\System32\shlwapi.dll
0x00007fff06e70000 - 0x00007fff06e81000 	C:\WINDOWS\System32\kernel.appcore.dll
0x00007fff06eb0000 - 0x00007fff06efc000 	C:\WINDOWS\System32\powrprof.dll
0x00007fff06e50000 - 0x00007fff06e65000 	C:\WINDOWS\System32\profapi.dll

VM Arguments:
jvm_args: -Djava.awt.headless=true -Xmx4g -Dfile.encoding=UTF-8 -Duser.country=US -Duser.language=en -Duser.variant 
java_command: com.android.dx.command.Main --dex --force-jumbo --num-threads=4 --multi-dex --output C:\Users\Rishabh\yantraandroid\yantraAndroid\app\build\intermediates\transforms\dex\debug\folders\1000\5\slice_6 C:\Users\Rishabh\yantraandroid\yantraAndroid\app\build\intermediates\transforms\instantRunSlicer\debug\folders\1\5\slice_6
java_class_path (initial): C:\Users\Rishabh\AppData\Local\Android\Sdk\build-tools\26.0.2\lib\dx.jar
Launcher Type: SUN_STANDARD

Environment Variables:
PATH=C:\ProgramData\Oracle\Java\javapath;C:\WINDOWS\system32;C:\WINDOWS;C:\WINDOWS\System32\Wbem;C:\WINDOWS\System32\WindowsPowerShell\v1.0\;C:\Program Files (x86)\Sennheiser\SoftphoneSDK\;C:\Program Files\Git\cmd;C:\Users\Rishabh\Downloads\sonar-scanner-2.6.1\bin;C:\Program Files\Java\jdk1.8.0_151;C:\Users\Rishabh\Downloads\sonarqube-6.7\bin;C:\Program Files\gradle-2.8\bin;C:\Users\Rishabh\AppData\Local\Microsoft\WindowsApps;C:\Users\Rishabh\AppData\Local\Programs\Python\Python36-32;C:\Users\Rishabh\AppData\Local\Programs\Python\Python36-32\Scripts;C:\Program Files\gradle-2.8\bin;C:\Program Files\Java\jdk1.8.0_151\bin;C:\Program Files\Java\jdk1.8.0_151\bin;
USERNAME=Rishabh
OS=Windows_NT
PROCESSOR_IDENTIFIER=Intel64 Family 6 Model 58 Stepping 9, GenuineIntel



---------------  S Y S T E M  ---------------

OS: Windows 10.0 , 64 bit Build 15063 (10.0.15063.296)

CPU:total 4 (initial active 4) (2 cores per cpu, 2 threads per core) family 6 model 58 stepping 9, cmov, cx8, fxsr, mmx, sse, sse2, sse3, ssse3, sse4.1, sse4.2, popcnt, avx, aes, clmul, erms, ht, tsc, tscinvbit, tscinv

Memory: 4k page, physical 8203160k(515400k free), swap 16227444k(5300k free)

vm_info: OpenJDK 64-Bit Server VM (25.152-b02) for windows-amd64 JRE (1.8.0_152-release-1024-b02), built by "builder" with MS VC++ 10.0 (VS2010)

time: Mon Jun 25 16:25:45 2018
elapsed time: 18 seconds (0d 0h 0m 18s)

